1468
119 89
118 88
117 87
116 86
115 85
114 84
113 83
112 82
111 81
110 80
109 79
108 78
107 77
106 76
105 75
104 74
103 73
102 72
101 71
100 70
99 69
98 68
97 67
96 66
95 65
94 64
93 63
92 62
91 61
90 60
89 59
88 58
87 57
86 56
85 55
84 54
83 53
82 52
81 51
80 50
79 50
78 50
77 50
76 50
75 50
74 50
73 50
72 50
71 50
70 50
69 50
68 50
67 50
66 50
65 50
64 50
63 50
62 50
61 50
60 50
59 50
58 50
57 50
56 50
55 50
54 50
53 50
52 50
51 50
50 50
49 50
48 50
47 50
101 73
100 74
99 75
98 76
97 77
96 78
95 79
94 80
93 81
92 82
91 83
90 84
89 85
88 86
87 87
86 88
85 89
84 90
83 91
82 92
81 93
80 94
79 95
78 96
77 97
76 98
75 99
74 100
73 101
72 102
71 103
70 104
69 105
68 106
67 107
66 108
65 109
64 110
63 111
62 112
61 113
60 114
59 115
58 116
57 117
56 118
55 119
54 120
53 121
52 122
51 123
50 124
49 125
48 126
47 126
70 102
69 101
68 100
67 99
66 98
65 97
64 96
63 95
62 94
61 93
60 92
59 91
58 90
57 89
56 88
55 87
54 86
53 85
52 84
51 83
50 83
78 49
77 48
76 47
75 46
74 45
73 44
72 43
71 42
70 41
69 40
68 39
67 38
66 37
65 36
64 35
63 34
75 51
74 52
73 53
72 54
71 55
70 56
69 107
70 108
74 43
75 42
76 41
77 40
78 39
79 38
80 37
81 36
82 35
83 34
92 64
91 65
90 66
89 67
88 68
87 69
86 70
85 71
84 71
71 109
72 110
73 111
74 112
75 113
76 114
77 115
78 116
79 117
80 118
81 119
82 120
83 121
84 122
84 123
85 53
86 52
87 51
88 50
89 49
90 48
91 47
92 46
93 45
94 44
95 43
96 42
97 41
98 40
99 39
100 38
101 37
102 36
103 35
103 34
112 83
85 123
86 124
87 125
88 126
89 127
90 128
91 129
92 130
93 131
94 132
95 133
96 134
97 135
98 135
99 135
100 135
101 135
102 135
103 135
104 135
105 135
106 135
107 135
108 135
109 135
110 135
111 135
112 135
104 34
105 34
106 34
107 34
108 34
109 34
110 34
111 34
112 34
113 34
114 34
115 34
116 34
117 34
118 34
119 34
120 34
121 34
122 34
123 34
114 35
115 36
116 37
117 38
118 39
119 40
120 41
121 42
122 43
123 44
124 45
125 46
126 47
127 48
128 49
129 50
130 51
131 52
132 53
133 54
134 55
135 56
121 91
122 92
123 93
124 94
125 95
126 96
127 97
128 98
129 99
130 100
131 101
132 102
133 103
134 104
135 105
135 106
135 107
135 108
129 48
130 47
131 46
132 45
133 44
134 43
135 42
136 41
137 40
138 39
139 38
140 37
141 36
142 35
143 34
136 57
137 58
138 59
139 60
140 61
141 62
142 63
143 64
144 65
145 66
146 67
147 68
148 69
149 70
149 71
136 109
137 110
138 111
139 112
140 113
141 114
142 115
143 116
144 117
145 118
146 119
147 120
148 121
149 122
149 123
144 34
145 34
146 34
147 34
148 34
149 34
150 34
151 34
152 34
153 34
154 34
155 34
156 34
157 34
158 34
159 34
160 34
161 34
162 34
163 34
150 71
151 72
152 73
153 74
154 75
155 76
156 77
157 78
158 79
159 80
160 81
161 82
162 83
163 83
164 83
165 83
166 83
167 83
168 83
169 83
170 83
171 83
172 83
173 83
174 83
175 83
176 83
177 83
164 35
165 36
166 37
167 38
168 39
169 40
170 41
171 42
172 43
173 44
174 45
175 46
176 47
177 48
178 48
179 48
180 48
163 84
164 85
165 86
166 87
167 88
168 89
169 90
170 91
171 92
172 93
173 94
174 95
175 96
176 97
177 98
178 99
179 100
180 101
180 102
180 103
180 104
180 105
180 106
180 107
180 108
180 109
180 110
180 111
180 112
180 113
180 114
180 115
180 116
180 117
180 118
180 119
180 120
180 121
180 122
180 123
181 49
182 50
183 51
184 52
185 52
186 52
187 52
188 52
189 52
190 52
191 52
192 52
193 52
194 52
195 52
196 52
197 52
198 52
199 52
200 52
201 52
202 52
203 52
185 53
186 54
187 55
188 56
189 57
190 58
191 59
192 60
193 61
194 62
195 63
196 64
197 65
198 66
199 67
200 68
201 69
202 70
203 71
203 72
203 73
203 74
203 75
203 76
203 77
203 78
203 79
203 80
203 81
203 82
203 83
203 84
203 85
203 86
203 87
203 88
203 89
203 90
203 91
203 92
203 93
203 94
203 95
203 96
203 97
203 98
203 99
203 100
203 101
203 102
203 103
203 104
203 105
203 106
203 107
203 108
203 109
203 110
203 111
203 112
69 56
58 114
57 113
56 112
55 111
54 110
53 109
52 108
51 107
50 106
49 105
48 104
91 59
92 58
93 57
93 56
81 117
82 116
83 115
84 114
85 113
86 112
87 111
88 110
89 109
90 108
91 108
122 45
121 46
120 47
119 48
118 49
117 50
116 51
115 52
114 53
113 54
112 55
122 94
121 95
120 96
119 97
118 98
117 99
116 100
115 101
114 102
113 103
112 104
146 65
147 64
148 63
149 62
150 61
151 60
152 59
153 58
154 57
155 56
156 56
146 117
147 116
148 115
149 114
150 113
151 112
152 111
153 110
154 109
155 108
156 108
179 124
178 125
177 126
176 127
175 128
174 129
173 130
172 131
172 132
172 133
172 134
172 135
172 136
172 137
172 138
172 139
172 140
172 141
172 142
172 143
112 54
46 51
45 52
44 53
43 54
42 55
41 56
40 57
39 58
38 59
37 60
36 60
35 60
34 60
33 60
32 60
31 60
30 60
29 60
28 60
27 60
36 61
35 62
34 63
33 64
32 65
31 66
30 67
29 68
28 69
27 70
27 71
27 72
27 73
27 74
27 75
27 76
27 77
27 78
27 79
27 80
27 81
47 103
46 102
45 102
44 102
43 102
42 102
41 102
40 102
39 102
38 102
37 102
36 102
35 102
34 102
33 102
32 102
31 102
30 102
29 102
28 102
27 102
46 125
45 124
44 123
43 123
42 123
41 123
40 123
39 123
38 123
37 123
36 123
35 123
34 123
33 123
32 123
31 123
30 123
29 123
28 123
189 59
188 60
187 61
186 62
185 63
184 64
183 65
182 66
181 67
27 59
204 113
205 114
205 115
205 116
205 117
205 118
205 119
205 120
205 121
205 122
205 123
205 124
205 125
204 125
49 127
50 128
51 129
52 130
53 131
54 132
55 133
56 134
57 135
58 136
58 137
58 138
58 139
58 140
58 141
58 142
58 143
91 131
90 132
89 133
88 134
87 135
86 136
85 137
84 138
83 139
82 140
81 141
80 142
79 143
42 57
43 58
44 59
45 60
46 61
47 62
63 93
64 92
65 91
66 90
67 89
68 88
69 87
69 86
86 90
87 91
88 92
88 93
85 139
86 140
87 141
88 142
89 143
90 144
91 145
113 136
114 137
115 138
116 139
117 140
118 141
119 142
120 143
121 143
122 143
123 143
124 143
123 91
124 90
125 89
126 88
127 87
128 86
129 85
130 84
131 83
132 83
125 144
126 145
127 145
128 145
129 145
130 145
131 145
132 145
133 145
134 145
135 145
136 145
137 144
138 143
139 143
140 143
141 143
142 143
143 143
144 143
145 143
146 143
147 143
148 143
157 80
156 81
155 82
154 83
153 84
152 85
151 86
69 85
52 82
53 81
54 80
55 79
56 78
57 77
58 76
59 75
60 74
61 73
62 72
62 71
58 118
59 119
60 120
61 121
62 122
62 123
137 60
136 61
135 62
134 63
133 64
132 65
131 66
130 67
129 68
128 69
127 70
127 71
137 112
136 113
135 114
134 115
133 116
132 117
131 118
130 119
129 120
128 121
127 122
127 123
149 144
150 145
151 145
152 145
153 145
154 145
155 145
156 145
157 145
158 145
159 145
112 105
112 106
112 107
112 108
112 109
112 110
112 111
112 112
112 113
112 114
112 115
91 127
92 126
93 125
94 124
95 123
92 146
93 147
94 148
95 149
96 150
97 151
98 152
99 153
100 153
101 153
102 153
156 75
157 74
158 73
159 72
160 71
151 114
152 115
153 116
154 117
155 118
156 119
157 120
158 121
159 122
160 123
170 39
171 38
172 37
173 36
174 35
175 34
78 142
77 141
76 140
75 139
74 138
73 137
72 136
71 135
70 135
97 69
96 70
95 70
105 73
106 72
107 71
108 70
109 69
110 68
111 67
112 66
95 69
42 53
41 52
40 51
39 50
38 49
37 48
36 47
35 46
34 45
33 44
32 43
31 42
176 129
177 130
178 131
179 132
180 133
181 134
182 135
183 136
30 42
29 42
89 94
90 95
90 96
153 83
178 83
179 83
180 83
181 83
182 83
183 83
184 83
185 83
186 83
187 83
188 83
186 51
187 50
188 49
189 48
190 47
191 46
188 82
128 96
167 90
166 91
165 92
164 93
163 94
162 95
204 51
205 50
206 50
207 50
208 50
209 50
210 50
211 50
212 50
213 50
214 50
204 70
205 69
206 68
207 67
208 66
209 66
210 66
211 66
212 66
213 66
214 66
204 72
205 73
206 74
207 75
208 76
209 77
210 78
211 79
212 80
213 81
214 82
204 88
205 89
206 90
207 91
208 92
209 93
210 94
211 95
212 96
213 97
214 98
127 96
34 124
33 125
32 126
31 127
30 128
29 129
28 130
27 131
26 132
25 133
24 134
23 135
39 52
38 53
37 62
38 63
38 64
31 68
32 69
33 70
34 71
35 72
36 73
37 74
38 75
28 76
29 77
30 78
31 79
32 80
33 81
34 82
35 83
36 84
37 85
38 86
42 101
41 100
40 99
39 98
38 97
31 129
32 130
33 131
34 132
35 133
36 134
37 135
38 136
39 137
43 122
42 121
41 120
41 119
41 118
41 117
41 116
41 115
36 45
37 44
38 43
39 42
40 41
41 40
42 39
42 38
40 138
41 139
42 139
43 139
44 139
45 139
46 139
43 38
44 37
45 36
46 35
47 35
55 117
54 116
53 115
52 115
62 49
61 48
60 47
59 46
58 45
63 51
62 52
61 53
60 54
59 55
58 56
57 87
58 86
59 85
60 84
61 83
71 57
72 58
73 59
73 60
73 61
73 62
73 63
73 64
73 65
73 66
73 67
76 116
75 117
74 118
73 119
79 48
80 47
81 46
96 80
97 81
98 82
99 83
111 103
110 102
109 101
108 100
107 99
106 98
105 98
104 98
103 98
102 98
117 142
116 143
115 144
114 145
113 146
121 142
122 141
123 140
124 139
125 138
137 146
141 64
140 65
139 66
138 67
141 116
140 117
139 118
138 119
158 146
159 147
160 148
170 43
169 44
168 45
167 46
164 95
165 96
166 97
167 98
176 33
177 32
178 31
179 31
180 31
181 31
182 31
183 31
184 31
184 137
185 137
186 137
187 137
188 137
189 138
181 100
182 99
183 98
184 97
185 96
186 95
187 94
188 94
189 94
190 94
191 94
184 99
185 100
186 101
187 102
188 103
189 104
190 105
191 105
181 106
182 107
183 108
184 109
185 110
186 111
187 112
188 113
189 114
190 115
191 116
192 47
193 47
192 45
193 44
194 43
195 42
196 41
196 40
206 113
207 112
208 111
209 110
210 109
211 109
212 109
213 109
214 109
36 136
36 137
33 133
32 134
31 135
31 136
32 41
33 42
34 41
35 40
43 103
42 104
41 105
40 106
39 107
38 108
39 40
39 39
44 140
46 36
46 140
47 141
48 142
48 34
49 34
50 33
49 143
50 144
51 32
51 145
52 31
52 146
53 30
53 147
61 70
60 69
59 68
58 67
61 123
60 124
59 125
58 126
70 85
71 84
72 83
73 82
73 81
73 80
73 79
73 78
72 134
73 133
73 132
73 131
73 130
90 146
95 81
104 97
103 96
102 95
101 94
109 103
108 104
107 105
106 106
105 107
104 108
103 109
102 109
124 137
123 136
123 135
136 147
135 148
135 149
133 82
134 81
135 80
136 79
137 78
138 78
146 121
145 122
144 123
143 124
142 125
141 126
140 127
139 128
138 129
138 130
132 100
133 99
134 98
135 97
136 96
137 95
138 94
139 94
140 95
140 142
141 141
142 140
143 139
144 138
145 137
146 136
147 135
161 149
163 96
175 48
174 49
173 50
172 51
171 52
170 53
169 54
168 55
167 56
167 57
176 99
175 100
174 101
173 102
172 103
171 104
170 105
169 106
168 107
167 108
167 109
188 139
187 140
186 141
185 142
184 143
183 144
183 145
183 146
183 147
184 148
185 30
186 31
187 32
188 33
189 34
190 35
190 139
191 140
192 141
197 39
193 140
194 139
195 138
196 137
197 136
198 136
199 136
200 137
198 40
199 41
200 41
201 41
202 41
203 41
208 49
209 48
210 47
211 46
212 45
213 44
214 43
215 42
183
47 50
47 126
50 83
63 34
70 56
70 108
83 34
84 71
84 123
103 34
112 83
112 135
123 34
135 56
135 108
143 34
149 71
149 123
163 34
177 83
180 48
180 103
180 123
203 52
203 72
203 92
203 112
69 56
48 104
93 56
91 108
112 55
112 104
156 56
156 108
172 143
112 54
27 60
27 81
27 102
28 123
181 67
27 59
205 125
204 125
58 143
79 143
47 62
69 86
88 93
91 145
124 143
132 83
136 145
148 143
151 86
69 85
62 71
62 123
127 71
127 123
159 145
112 115
95 123
102 153
160 71
160 123
175 34
70 135
95 70
112 66
95 69
31 42
183 136
29 42
90 96
153 83
188 83
191 46
188 82
128 96
162 95
214 50
214 66
214 82
214 98
127 96
23 135
38 53
38 64
38 75
38 86
38 97
39 137
41 115
42 38
46 139
47 35
52 115
58 45
58 56
61 83
73 67
73 119
81 46
99 83
102 98
113 146
125 138
137 146
138 67
138 119
160 148
167 46
167 98
184 31
188 137
189 138
191 94
191 105
191 116
193 47
196 40
214 109
36 137
31 136
32 41
35 40
38 108
39 39
40 138
44 37
44 140
46 36
47 141
48 142
49 34
50 33
50 144
51 32
51 145
52 31
52 146
53 30
53 147
58 67
58 126
72 83
73 78
73 130
90 146
95 81
101 94
102 95
102 109
103 96
123 135
135 149
138 78
138 130
139 94
140 95
147 135
161 149
163 96
164 83
167 57
167 109
183 147
184 148
185 30
187 32
188 33
189 34
190 35
190 139
191 140
192 141
197 39
199 136
200 137
203 41
215 42
