10571
332 269
331 268
330 267
329 266
328 265
327 264
326 263
325 262
324 261
323 260
322 259
321 258
320 257
319 256
318 255
317 254
316 253
315 252
314 251
313 250
312 249
311 248
310 247
309 246
308 245
307 244
306 243
305 242
304 241
303 240
302 239
301 238
300 237
299 236
298 235
297 234
296 233
295 232
294 231
293 230
292 229
291 228
290 227
289 226
288 225
287 224
286 223
285 222
284 221
283 220
282 219
281 218
280 217
279 216
278 215
277 214
276 213
275 212
274 211
273 210
272 209
271 209
270 209
269 209
268 209
267 209
266 209
265 209
264 209
263 209
262 209
261 209
260 209
259 209
258 209
257 209
256 209
255 209
254 209
253 209
252 209
251 209
250 209
249 209
248 209
247 209
246 209
245 209
244 209
243 209
242 209
241 209
240 209
239 209
238 209
237 209
236 209
235 209
234 209
233 209
232 209
231 209
230 209
229 209
228 209
227 209
226 209
225 209
224 209
223 209
222 209
221 209
220 209
219 209
218 209
217 209
216 209
215 209
214 209
213 209
212 209
211 209
210 209
209 209
208 209
207 209
206 209
205 209
204 209
203 209
202 209
201 209
200 209
199 209
198 209
197 209
196 209
195 209
194 209
193 209
192 209
191 209
190 209
189 209
188 209
187 209
186 209
185 209
184 209
183 209
182 209
181 209
180 209
179 209
178 209
177 209
176 209
175 209
174 209
173 209
172 209
171 209
170 209
169 209
168 209
167 209
166 209
165 209
164 209
163 209
162 209
161 209
160 209
159 209
158 209
157 209
156 209
155 209
154 209
153 209
152 209
151 209
150 209
149 209
148 209
147 209
146 209
145 209
144 209
143 209
142 209
141 209
140 209
139 209
138 209
137 209
136 209
135 209
134 209
133 209
132 209
131 209
130 209
129 209
128 209
127 209
126 209
125 209
124 209
123 209
122 209
121 209
120 209
119 209
118 209
117 209
116 209
115 209
114 209
113 209
112 209
111 209
110 209
109 209
108 209
107 209
106 209
105 209
104 209
103 209
102 209
101 209
100 209
99 209
98 209
97 209
96 209
95 209
94 209
93 209
92 209
91 209
90 209
89 209
88 209
87 209
86 209
85 209
84 209
83 209
82 209
81 209
80 209
79 209
78 209
77 209
76 209
75 209
74 209
73 209
72 209
71 209
70 209
69 209
68 209
67 209
66 209
65 209
64 209
63 209
62 209
61 209
60 209
59 209
58 209
57 209
56 209
55 209
54 209
53 209
52 209
51 209
50 209
49 209
48 209
47 209
46 209
45 209
44 209
43 209
42 209
41 209
40 209
39 209
38 209
37 209
36 209
35 209
34 209
33 209
32 209
31 209
30 209
29 209
28 209
27 209
26 209
25 209
24 209
23 209
22 209
21 209
20 209
19 209
46 208
45 207
44 206
43 205
42 204
41 203
40 202
39 201
38 200
37 199
36 198
35 197
34 196
33 195
32 194
31 193
30 192
29 191
28 190
27 189
26 188
25 187
24 186
23 185
22 184
21 183
20 182
134 210
133 211
132 212
131 213
130 214
129 215
128 216
127 217
126 218
125 219
124 220
123 221
122 222
121 223
120 224
119 225
118 226
117 227
116 228
115 229
114 230
113 231
112 232
111 233
110 234
109 235
108 236
107 237
106 238
105 239
104 240
103 241
102 242
101 243
100 244
99 245
98 246
97 247
96 248
95 249
94 250
93 251
92 252
91 253
90 254
89 255
88 256
87 257
86 258
85 259
84 260
83 261
82 262
81 263
80 264
79 265
78 266
77 267
76 268
75 269
74 270
73 271
72 272
71 273
70 274
69 275
68 276
67 277
66 278
65 279
64 280
63 281
62 282
61 283
60 284
59 285
58 286
57 287
56 288
55 289
54 290
53 291
52 292
51 293
50 294
49 295
48 296
47 297
46 298
45 299
44 300
43 301
42 302
41 303
40 304
39 305
38 306
37 307
36 308
35 309
34 310
33 311
32 312
31 313
30 314
29 315
28 316
27 317
26 318
25 319
24 320
23 321
22 322
21 323
20 324
21 325
22 326
22 327
22 328
22 329
22 330
22 331
22 332
22 333
22 334
22 335
22 336
22 337
22 338
22 339
22 340
22 341
22 342
22 343
22 344
22 345
22 346
22 347
22 348
22 349
22 350
22 351
22 352
22 353
22 354
22 355
22 356
22 357
22 358
22 359
23 333
24 334
25 335
26 336
27 337
28 338
29 339
30 340
31 341
32 342
33 343
34 344
35 345
36 346
37 347
38 348
39 349
40 350
41 351
42 352
23 360
24 361
25 362
26 363
27 364
28 365
29 366
30 367
31 368
32 369
33 370
34 371
35 372
36 373
37 374
38 375
39 376
40 377
41 378
42 379
42 380
42 381
42 382
42 383
42 384
35 195
36 194
37 193
38 192
39 191
40 190
41 189
42 188
43 187
44 186
45 185
46 184
46 183
21 181
22 180
23 179
24 178
25 177
26 176
27 175
28 174
29 173
30 172
31 171
32 170
33 169
34 168
35 167
36 166
37 165
38 164
39 163
40 162
41 161
42 160
43 159
44 158
45 157
46 156
47 155
48 154
49 153
50 152
50 151
50 150
50 149
43 382
44 383
45 384
46 385
47 386
48 387
49 388
50 389
51 390
52 391
53 392
43 353
44 354
45 355
46 356
47 357
48 358
49 358
50 358
51 358
52 358
53 358
54 358
83 210
82 211
81 212
80 213
79 214
78 215
77 216
76 217
75 218
74 219
73 220
72 221
71 222
70 223
69 224
68 225
67 226
66 227
65 228
64 229
63 230
62 231
61 232
60 233
59 234
75 267
74 266
73 265
72 264
71 263
70 262
69 261
68 260
67 259
66 258
65 257
64 256
63 255
62 254
61 253
60 252
59 252
50 296
51 297
52 298
53 299
54 300
55 301
56 302
57 303
58 304
59 305
59 306
47 183
48 183
49 183
50 183
51 183
52 183
53 183
54 183
55 183
56 183
57 183
58 183
59 183
60 183
55 359
56 359
57 359
58 359
59 359
60 359
61 359
62 359
63 359
64 359
65 359
66 359
67 359
51 151
52 150
53 149
54 148
55 147
56 146
57 145
58 144
59 143
60 142
61 141
62 140
63 139
64 138
65 137
66 137
67 137
68 137
69 137
70 137
71 137
61 183
62 183
63 183
64 183
65 183
66 183
67 183
68 183
69 183
70 183
71 183
72 183
73 183
74 183
68 358
69 358
70 358
71 358
72 358
73 358
74 358
75 358
76 358
77 358
78 358
79 358
80 358
72 138
73 139
74 140
75 141
76 142
77 143
78 143
79 143
80 143
81 143
82 143
83 143
84 143
85 143
86 143
78 144
79 145
80 146
81 147
82 148
83 149
84 150
85 151
86 152
86 153
86 154
86 155
86 156
86 157
86 158
86 159
69 359
70 360
71 361
72 362
73 363
74 364
75 365
76 366
77 367
78 368
79 369
80 370
81 371
82 372
83 373
84 374
85 375
86 376
87 377
75 183
76 183
77 183
78 183
79 183
80 183
81 183
82 183
83 183
84 183
85 183
86 183
87 183
88 183
82 213
83 214
84 215
85 216
86 217
87 218
88 219
89 220
90 221
90 252
85 261
86 262
87 263
88 264
89 265
90 266
78 268
79 269
80 270
81 271
82 272
83 273
84 274
85 275
86 276
87 277
88 278
89 279
90 280
63 283
64 284
65 285
66 286
67 287
68 288
69 289
70 290
71 291
72 292
73 293
74 294
75 295
76 296
77 297
78 298
79 299
80 300
81 301
82 302
83 303
84 304
85 305
86 306
87 307
88 308
89 309
90 310
100 242
99 241
98 240
97 239
96 238
95 237
94 236
93 235
92 234
91 234
91 311
91 312
91 313
91 314
91 315
91 316
91 317
91 318
91 319
91 320
91 321
91 322
91 323
83 371
84 370
85 369
86 368
87 367
88 366
89 365
90 364
91 363
92 362
93 361
106 208
105 207
104 206
103 205
102 204
101 203
100 202
88 378
89 379
90 380
91 381
92 382
93 383
94 384
95 385
96 386
97 387
98 388
99 389
100 390
87 144
88 145
89 146
90 147
91 148
92 149
93 150
94 151
95 152
96 152
97 152
98 152
99 152
100 152
101 152
89 184
90 184
91 184
92 184
93 184
94 184
95 184
96 184
97 184
98 184
99 184
100 184
101 184
92 324
93 325
94 326
95 327
96 328
97 329
98 330
99 331
100 332
101 333
102 334
102 335
102 336
102 337
102 338
102 339
102 340
102 341
102 342
91 281
92 281
93 281
94 281
95 281
96 281
97 281
98 281
99 281
100 281
101 281
102 281
103 281
113 229
112 228
111 227
110 226
109 225
108 224
107 223
106 222
105 221
104 221
97 249
98 250
99 251
100 252
101 253
102 254
103 255
104 256
92 310
93 310
94 310
95 310
96 310
97 310
98 310
99 310
100 310
101 310
102 310
103 310
104 310
96 153
97 154
98 155
99 156
100 157
101 158
102 159
103 160
104 161
105 162
105 163
105 164
105 165
105 166
99 329
100 328
101 327
102 326
103 325
104 324
105 324
101 391
102 392
103 393
104 394
105 395
105 396
105 397
105 398
105 399
105 400
105 401
105 402
105 403
105 404
105 405
105 406
105 407
105 408
105 409
105 410
105 411
105 412
105 413
105 414
105 415
105 416
105 417
105 418
105 419
105 420
105 421
105 422
105 423
105 424
105 425
105 426
105 427
75 139
76 138
77 137
78 136
79 135
80 134
81 133
82 132
83 131
84 130
85 129
86 128
87 127
88 126
89 125
90 124
91 123
92 122
93 121
94 120
95 119
96 118
97 117
98 116
99 115
100 114
101 113
102 112
103 111
104 110
105 109
106 108
107 235
106 234
94 361
95 361
96 361
97 361
98 361
99 361
100 361
101 361
102 361
103 361
104 361
105 361
106 361
107 361
103 113
104 114
105 115
106 116
107 117
108 118
109 119
110 120
111 121
112 121
102 151
103 150
104 149
105 148
106 147
107 146
108 145
109 144
110 144
111 144
112 144
102 280
103 279
104 278
105 277
106 276
107 275
108 274
109 273
110 272
111 271
112 270
102 183
103 183
104 183
105 183
106 183
107 183
108 183
109 183
110 183
111 183
112 183
113 183
114 183
106 278
107 279
108 280
109 281
110 282
111 283
112 284
113 285
114 286
115 287
106 161
107 160
108 159
109 159
110 159
111 159
112 159
113 159
114 159
115 159
116 159
117 159
103 335
104 336
105 337
106 338
107 339
108 340
109 341
110 342
111 342
112 342
113 342
114 342
115 342
116 342
117 342
120 222
119 221
118 220
105 310
106 310
107 310
108 310
109 310
110 310
111 310
112 310
113 310
114 310
115 310
116 310
117 310
118 310
107 107
108 106
109 105
110 104
111 103
112 102
113 102
114 102
115 102
116 102
117 102
118 102
119 102
113 269
114 268
115 267
116 266
117 265
118 264
119 263
119 262
119 261
119 260
119 259
119 258
119 257
108 311
109 312
110 313
111 314
112 315
113 316
114 317
115 318
116 319
117 320
118 321
119 322
120 323
117 229
118 230
119 231
120 232
121 233
113 122
114 123
115 124
116 125
117 126
118 127
119 128
120 129
121 129
122 129
123 129
106 396
107 397
108 398
109 399
110 400
111 401
112 402
113 403
114 404
115 405
116 406
117 406
118 406
119 406
120 406
121 406
122 406
123 406
118 266
119 267
120 268
121 269
122 270
123 271
124 272
125 272
113 144
114 144
115 144
116 144
117 144
118 144
119 144
120 144
121 144
122 144
123 144
124 144
125 144
126 144
117 103
118 104
119 105
120 106
121 107
122 108
123 109
124 110
125 111
126 112
127 113
115 184
116 184
117 184
118 184
119 184
120 184
121 184
122 184
123 184
124 184
125 184
126 184
127 184
118 160
119 161
120 162
121 163
122 164
123 165
124 166
125 167
126 167
127 167
128 167
116 288
117 288
118 288
119 288
120 288
121 288
122 288
123 288
124 288
125 288
126 288
127 288
128 288
120 262
121 261
122 260
123 259
124 258
125 257
126 256
127 255
128 254
129 253
130 252
131 251
118 342
119 342
120 342
121 342
122 342
123 342
124 342
125 342
126 342
127 342
128 342
129 342
130 342
131 342
109 397
110 396
111 395
112 394
113 393
114 392
115 391
116 390
117 389
118 388
119 387
120 386
121 385
122 384
123 383
124 382
125 381
126 380
127 379
128 378
129 377
130 376
131 375
125 383
126 384
127 385
128 386
129 387
130 388
131 389
129 217
130 218
131 219
132 220
120 321
121 320
122 319
123 318
124 317
125 316
126 315
127 314
128 313
129 312
130 311
131 310
132 310
127 316
128 317
129 318
130 319
131 320
132 321
133 322
134 323
135 323
127 257
128 258
129 259
130 260
131 261
132 262
133 263
134 264
135 265
136 266
137 266
129 287
130 286
131 285
132 284
133 283
134 282
135 281
136 281
137 281
138 281
139 281
140 281
128 112
129 111
130 110
131 109
132 108
133 107
134 107
135 107
136 107
137 107
138 107
139 107
140 107
141 107
142 107
131 111
132 112
133 113
134 114
135 115
136 116
137 117
138 118
139 119
140 120
141 121
142 121
150 208
149 207
148 206
147 205
146 204
145 203
144 202
134 321
135 320
136 319
137 318
138 317
139 316
140 315
141 314
142 313
143 312
144 311
145 310
146 310
133 221
134 222
135 223
136 224
137 225
138 226
139 227
140 228
141 228
142 228
143 228
144 228
145 228
146 228
147 228
132 343
133 344
134 345
135 346
136 347
137 348
138 349
139 349
140 349
141 349
142 349
143 349
144 349
145 349
146 349
147 349
145 201
146 200
147 199
148 198
148 197
148 196
148 195
148 194
148 193
148 192
148 191
148 190
148 189
148 188
148 187
148 186
139 350
140 351
141 352
142 353
143 354
144 355
145 356
146 357
147 358
148 359
148 360
148 361
148 362
148 363
148 364
138 265
139 264
140 263
141 262
142 261
143 261
144 261
145 261
146 261
147 261
148 261
149 261
150 261
149 365
150 366
151 367
151 368
151 369
151 370
151 371
151 372
151 373
151 374
151 375
151 376
151 377
151 378
151 379
151 380
151 381
151 382
151 383
151 384
151 385
151 386
151 387
151 388
151 389
151 390
151 391
151 392
155 210
154 211
153 212
152 213
142 315
143 316
144 317
145 318
146 319
147 320
148 321
149 322
150 323
151 324
152 324
141 280
142 279
143 278
144 277
145 276
146 276
147 276
148 276
149 276
150 276
151 276
152 276
153 276
142 281
143 282
144 283
145 284
146 285
147 286
148 287
149 288
150 289
151 290
152 291
153 291
142 122
143 123
144 124
145 125
146 126
147 127
148 128
149 129
150 130
151 131
152 132
153 133
154 134
154 135
154 136
154 137
154 138
154 139
154 140
154 141
154 142
154 143
154 144
154 145
154 146
141 229
142 230
143 231
144 232
145 233
146 234
147 235
148 236
149 237
150 238
151 239
152 240
153 241
154 242
149 127
150 126
151 125
152 124
153 123
154 122
155 122
155 147
155 148
155 149
155 150
155 151
155 152
155 153
155 154
155 155
155 156
155 157
155 158
155 159
155 160
143 107
144 107
145 107
146 107
147 107
148 107
149 107
150 107
151 107
152 107
153 107
154 107
155 107
156 107
149 185
150 184
151 183
152 182
153 181
154 180
155 179
156 178
156 177
156 176
156 175
147 348
148 347
149 346
150 345
151 344
152 343
153 342
154 341
155 340
156 339
152 393
153 394
154 395
155 396
156 397
156 398
156 399
156 400
156 401
156 402
156 403
156 404
156 405
156 406
156 407
156 408
156 409
156 410
156 411
156 412
156 413
156 414
156 415
156 416
156 417
156 418
156 419
156 420
156 421
156 422
156 423
156 424
156 425
156 426
156 427
156 428
156 429
156 430
156 431
156 432
156 433
156 434
150 206
151 205
152 204
153 203
154 202
155 201
156 200
157 199
158 198
158 197
147 309
148 308
149 307
150 306
151 306
152 306
153 306
154 306
155 306
156 306
157 306
158 306
159 306
153 214
154 215
155 216
156 217
157 218
158 219
159 220
160 221
161 222
161 223
161 224
161 225
152 345
153 346
154 347
155 348
156 349
157 350
158 351
159 352
160 353
161 353
152 368
153 368
154 368
155 368
156 368
157 368
158 368
159 368
160 368
161 368
162 368
151 260
152 259
153 258
154 257
155 256
156 256
157 256
158 256
159 256
160 256
161 256
162 256
163 256
157 398
158 398
159 398
160 398
161 398
162 398
163 398
154 393
155 392
156 391
157 390
158 389
159 388
160 387
161 386
162 385
163 384
164 383
165 382
154 275
155 274
156 273
157 272
158 271
159 271
160 271
161 271
162 271
163 271
164 271
165 271
166 271
156 275
157 276
158 277
159 278
160 279
161 280
162 281
163 282
164 283
165 284
166 285
167 285
156 123
157 123
158 123
159 123
160 123
161 123
162 123
163 123
164 123
165 123
166 123
167 123
168 123
156 146
157 145
158 144
159 143
160 142
161 142
162 142
163 142
164 142
165 142
166 142
167 142
168 142
157 108
158 108
159 108
160 108
161 108
162 108
163 108
164 108
165 108
166 108
167 108
168 108
169 108
157 423
158 424
159 425
160 426
161 427
162 428
163 429
164 430
165 431
166 432
167 433
168 434
169 435
163 427
164 426
165 425
166 424
167 423
168 422
169 421
170 421
160 307
161 308
162 309
163 310
164 311
165 312
166 313
167 313
168 313
169 313
170 313
171 313
190 210
189 211
188 212
187 213
186 214
185 215
184 216
183 217
182 218
181 219
180 220
179 221
178 222
177 223
176 224
164 255
165 255
166 255
167 255
168 255
169 255
170 255
171 255
172 255
173 255
174 255
175 255
176 255
177 255
163 367
164 366
165 365
166 364
167 363
168 362
169 362
170 362
171 362
172 362
173 362
174 362
175 362
176 362
177 362
167 270
168 270
169 270
170 270
171 270
172 270
173 270
174 270
175 270
176 270
177 270
178 270
179 270
168 286
169 287
170 288
171 289
172 290
173 291
174 292
175 293
176 294
177 294
178 294
179 294
169 361
170 360
171 359
172 358
173 357
174 356
175 355
176 354
177 353
178 352
179 351
179 350
179 349
179 348
179 347
179 346
179 345
177 225
178 226
179 227
180 228
180 229
180 230
180 231
180 232
180 233
180 234
180 235
180 236
180 237
166 382
167 382
168 382
169 382
170 382
171 382
172 382
173 382
174 382
175 382
176 382
177 382
178 382
179 382
180 382
167 383
168 384
169 385
170 386
171 387
172 388
173 389
174 390
175 391
176 392
177 393
178 394
179 395
180 396
169 124
170 124
171 124
172 124
173 124
174 124
175 124
176 124
177 124
178 124
179 124
180 124
181 124
169 142
170 142
171 142
172 142
173 142
174 142
175 142
176 142
177 142
178 142
179 142
180 142
181 142
190 208
189 207
188 206
187 205
186 204
185 203
184 202
183 201
182 200
181 199
172 314
173 315
174 316
175 317
176 318
177 319
178 320
179 321
180 322
181 322
170 107
171 107
172 107
173 107
174 107
175 107
176 107
177 107
178 107
179 107
180 107
181 107
182 107
169 143
170 144
171 145
172 146
173 147
174 148
175 149
176 150
177 151
178 152
179 153
180 154
181 155
182 156
182 198
182 197
182 196
182 195
182 194
182 193
182 192
182 191
182 190
182 189
182 188
182 187
182 186
182 185
182 184
182 183
182 182
182 181
182 180
171 422
172 422
173 422
174 422
175 422
176 422
177 422
178 422
179 422
180 422
181 422
182 422
183 422
172 423
173 424
174 425
175 426
176 427
177 428
178 429
179 430
180 431
181 432
182 433
183 434
184 435
185 214
176 316
177 315
178 314
179 313
180 312
181 311
182 310
183 309
184 308
185 307
180 271
181 272
182 273
183 274
184 275
185 276
186 277
187 278
188 279
189 279
178 254
179 253
180 252
181 251
182 251
183 251
184 251
185 251
186 251
187 251
188 251
189 251
190 251
180 346
181 345
182 344
183 343
184 342
185 341
186 340
187 339
188 338
189 337
190 336
180 352
181 353
182 354
183 355
184 356
185 357
186 358
187 359
188 359
189 359
190 359
182 220
183 221
184 222
185 223
186 224
187 225
188 226
189 227
190 228
191 229
186 306
187 305
188 304
189 303
190 302
191 301
192 300
193 299
193 298
193 297
193 296
193 295
193 294
183 108
184 109
185 110
186 111
187 112
188 113
189 114
190 115
191 116
192 117
193 118
194 119
183 157
184 158
185 159
186 160
187 161
188 162
189 162
190 162
191 162
192 162
193 162
194 162
186 202
187 201
188 200
189 199
190 198
191 197
192 196
193 195
194 194
194 193
184 273
185 272
186 271
187 270
188 269
189 268
190 267
191 266
192 265
193 264
194 264
181 382
182 382
183 382
184 382
185 382
186 382
187 382
188 382
189 382
190 382
191 382
192 382
193 382
194 382
185 309
186 310
187 311
188 312
189 313
190 314
191 315
192 316
193 317
194 318
195 319
184 421
185 421
186 421
187 421
188 421
189 421
190 421
191 421
192 421
193 421
194 421
195 421
196 421
197 208
185 435
186 435
187 435
188 435
189 435
190 435
191 435
192 435
193 435
194 435
195 435
196 435
197 435
198 435
192 115
193 114
194 113
195 112
196 111
197 110
198 109
199 108
200 107
191 337
192 338
193 339
194 340
195 341
196 342
197 343
198 344
199 344
200 344
201 344
192 230
193 231
194 232
195 233
196 234
197 235
198 236
199 237
200 237
201 237
202 237
194 300
195 301
196 302
197 303
198 304
199 304
200 304
201 304
202 304
193 266
194 267
195 268
196 269
197 270
198 271
199 272
200 273
201 274
202 275
203 276
195 231
196 230
197 229
198 228
199 227
200 226
201 225
202 224
203 223
204 222
194 263
195 262
196 261
197 260
198 259
199 258
200 257
201 256
202 255
203 254
204 253
204 252
196 320
197 321
198 322
199 323
200 324
201 325
202 326
203 327
204 328
205 328
197 112
198 113
199 114
200 115
201 116
202 117
203 118
204 119
205 120
206 121
207 122
195 161
196 160
197 159
198 159
199 159
200 159
201 159
202 159
203 159
204 159
205 159
206 159
207 159
198 207
199 206
200 205
201 204
202 203
203 202
204 201
205 200
206 199
207 198
208 197
196 300
197 299
198 298
199 297
200 296
201 295
202 294
203 293
204 292
205 291
206 290
207 289
208 289
197 421
198 421
199 421
200 421
201 421
202 421
203 421
204 421
205 421
206 421
207 421
208 421
209 421
210 421
203 305
204 306
205 307
206 308
207 309
208 310
209 311
210 312
211 313
212 313
199 435
200 435
201 435
202 435
203 435
204 435
205 435
206 435
207 435
208 435
209 435
210 435
211 435
212 435
215 210
214 211
213 212
204 275
205 274
206 273
207 272
208 271
209 270
210 269
211 268
212 267
213 266
204 117
205 116
206 115
207 114
208 113
209 112
210 111
211 110
212 109
213 108
214 107
202 343
203 343
204 343
205 343
206 343
207 343
208 343
209 343
210 343
211 343
212 343
213 343
214 343
205 223
206 224
207 225
208 226
209 227
210 228
211 229
212 230
213 230
214 230
215 230
216 230
205 252
206 251
207 250
208 249
209 248
210 247
211 246
212 245
213 244
214 244
215 244
216 244
217 244
209 290
210 291
211 292
212 293
213 294
214 295
215 296
216 297
217 298
218 298
210 289
211 288
212 287
213 286
214 285
215 284
216 283
217 282
218 281
219 281
206 327
207 327
208 327
209 327
210 327
211 327
212 327
213 327
214 327
215 327
216 327
217 327
218 327
219 327
210 113
211 114
212 115
213 116
214 117
215 118
216 119
217 120
218 121
219 122
220 123
208 160
209 160
210 160
211 160
212 160
213 160
214 160
215 160
216 160
217 160
218 160
219 160
220 160
233 208
232 207
231 206
230 205
229 204
228 203
227 202
226 201
225 200
224 199
223 198
222 197
221 196
211 421
212 421
213 421
214 421
215 421
216 421
217 421
218 421
219 421
220 421
221 421
222 421
223 421
224 421
214 265
215 264
216 263
217 262
218 261
219 260
220 259
221 258
222 258
223 258
224 258
225 258
227 210
226 211
218 299
219 300
220 301
221 302
222 303
223 304
224 305
225 306
226 307
226 308
226 309
226 310
226 311
213 435
214 435
215 435
216 435
217 435
218 435
219 435
220 435
221 435
222 435
223 435
224 435
225 435
226 435
217 118
218 117
219 116
220 115
221 114
222 113
223 112
224 111
225 110
226 109
227 108
215 342
216 342
217 342
218 342
219 342
220 342
221 342
222 342
223 342
224 342
225 342
226 342
227 342
217 229
218 228
219 227
220 226
221 226
222 226
223 226
224 226
225 226
226 226
227 226
228 226
229 226
218 243
219 242
220 241
221 241
222 241
223 241
224 241
225 241
226 241
227 241
228 241
229 241
230 241
220 280
221 279
222 278
223 277
224 276
225 275
226 274
227 273
228 273
229 273
230 273
222 301
223 300
224 299
225 298
226 297
227 296
228 295
229 294
230 293
231 293
220 326
221 326
222 326
223 326
224 326
225 326
226 326
227 326
228 326
229 326
230 326
231 326
232 326
223 114
224 115
225 116
226 117
227 118
228 119
229 120
230 121
231 122
232 123
233 124
221 159
222 159
223 159
224 159
225 159
226 159
227 159
228 159
229 159
230 159
231 159
232 159
233 159
228 201
229 200
230 199
231 198
232 197
233 196
234 195
235 194
199 420
200 419
201 418
202 417
203 416
204 415
205 414
206 413
207 412
208 411
209 410
210 409
211 408
212 407
213 406
214 405
215 404
216 403
217 402
218 401
219 400
220 399
221 398
222 397
223 396
224 395
225 394
226 393
227 392
228 391
229 390
230 389
231 388
232 387
233 386
234 385
235 384
236 383
226 343
227 344
228 345
229 346
230 347
231 348
232 349
233 350
234 351
235 352
236 353
237 354
226 257
227 256
228 256
229 256
230 256
231 256
232 256
233 256
234 256
235 256
236 256
237 256
238 256
238 355
238 356
238 357
238 358
238 359
238 360
238 361
238 362
238 363
238 364
238 365
238 366
238 367
226 434
227 433
228 432
229 431
230 430
231 429
232 428
233 427
234 426
235 425
236 424
237 423
238 422
228 297
229 298
230 299
231 300
232 301
233 302
234 303
235 304
236 305
237 306
238 307
239 307
231 390
232 391
233 392
234 393
235 394
236 395
237 396
238 397
239 397
229 118
230 117
231 116
232 115
233 114
234 113
235 112
236 111
237 110
238 109
239 108
240 107
232 347
233 346
234 345
235 344
236 343
237 342
238 341
239 340
240 339
241 338
234 428
235 429
236 430
237 431
238 432
239 433
240 434
241 435
230 225
231 224
232 224
233 224
234 224
235 224
236 224
237 224
238 224
239 224
240 224
241 224
242 224
231 240
232 239
233 239
234 239
235 239
236 239
237 239
238 239
239 239
240 239
241 239
242 239
243 239
231 272
232 271
233 271
234 271
235 271
236 271
237 271
238 271
239 271
240 271
241 271
242 271
243 271
232 292
233 291
234 290
235 289
236 288
237 287
238 286
239 286
240 286
241 286
242 286
243 286
233 325
234 324
235 323
236 322
237 322
238 322
239 322
240 322
241 322
242 322
243 322
244 322
245 322
236 113
237 114
238 115
239 116
240 117
241 118
242 119
243 120
244 121
245 122
246 122
234 160
235 160
236 160
237 160
238 160
239 160
240 160
241 160
242 160
243 160
244 160
245 160
246 160
260 208
259 207
258 206
257 205
256 204
255 203
254 202
253 201
252 200
251 199
250 198
249 197
239 255
240 254
241 254
242 254
243 254
244 254
245 254
246 254
247 254
248 254
249 254
250 254
251 254
240 306
241 305
242 304
243 303
244 302
245 301
246 301
247 301
248 301
249 301
250 301
251 301
239 396
240 395
241 394
242 393
243 392
244 391
245 390
246 389
247 388
248 387
249 386
250 385
251 384
252 383
241 433
242 432
243 431
244 430
245 429
246 428
247 427
248 426
249 425
250 424
251 423
252 422
255 210
254 211
253 212
242 339
243 340
244 341
245 342
246 343
247 344
248 344
249 344
250 344
251 344
252 344
253 344
243 118
244 117
245 116
246 115
247 114
248 113
249 112
250 111
251 110
252 109
253 108
254 107
244 238
245 237
246 236
247 235
248 234
249 233
250 232
251 231
252 230
253 229
254 228
255 227
256 226
244 270
245 269
246 269
247 269
248 269
249 269
250 269
251 269
252 269
253 269
254 269
255 269
256 269
248 428
249 429
250 430
251 431
252 432
253 433
254 434
255 435
256 435
245 271
246 272
247 273
248 274
249 275
250 276
251 277
252 278
253 279
254 280
255 281
256 282
257 283
246 321
247 320
248 319
249 318
250 317
251 316
252 316
253 316
254 316
255 316
256 316
257 316
251 233
252 234
253 235
254 236
255 237
256 238
257 239
258 239
249 114
250 115
251 116
252 117
253 118
254 119
255 120
256 121
257 122
258 123
259 123
247 159
248 158
249 158
250 158
251 158
252 158
253 158
254 158
255 158
256 158
257 158
258 158
259 158
249 320
250 321
251 322
252 323
253 324
254 325
255 326
256 327
257 328
258 329
259 330
250 196
251 195
252 194
253 193
254 192
255 191
256 190
257 189
258 188
259 187
260 186
260 185
260 184
260 183
260 182
260 181
260 180
257 191
258 192
259 193
260 194
261 195
262 195
252 300
253 299
254 298
255 298
256 298
257 298
258 298
259 298
260 298
261 298
262 298
263 298
264 298
252 253
253 253
254 253
255 253
256 253
257 253
258 253
259 253
260 253
261 253
262 253
263 253
264 253
265 253
266 210
254 345
255 345
256 345
257 345
258 345
259 345
260 345
261 345
262 345
263 345
264 345
265 345
266 345
255 433
256 432
257 431
258 430
259 429
260 428
261 427
262 426
263 425
264 424
265 423
266 422
256 119
257 118
258 117
259 116
260 115
261 114
262 113
263 112
264 111
265 110
266 109
267 108
253 383
254 383
255 383
256 383
257 383
258 383
259 383
260 383
261 383
262 383
263 383
264 383
265 383
266 383
267 383
257 268
258 268
259 268
260 268
261 268
262 268
263 268
264 268
265 268
266 268
267 268
268 268
269 268
256 384
257 385
258 386
259 387
260 388
261 389
262 390
263 391
264 392
265 393
266 394
267 395
268 396
269 397
278 217
277 218
276 219
275 220
274 221
273 222
272 223
271 224
270 224
258 315
259 314
260 313
261 313
262 313
263 313
264 313
265 313
266 313
267 313
268 313
269 313
270 313
258 282
259 282
260 282
261 282
262 282
263 282
264 282
265 282
266 282
267 282
268 282
269 282
270 282
271 282
263 427
264 428
265 429
266 430
267 431
268 432
269 433
270 434
271 435
262 115
263 116
264 117
265 118
266 119
267 120
268 121
269 122
270 123
271 124
272 124
260 159
261 159
262 159
263 159
264 159
265 159
266 159
267 159
268 159
269 159
270 159
271 159
272 159
259 238
260 238
261 238
262 238
263 238
264 238
265 238
266 238
267 238
268 238
269 238
270 238
271 238
272 238
260 329
261 328
262 328
263 328
264 328
265 328
266 328
267 328
268 328
269 328
270 328
271 328
272 328
258 157
259 156
260 155
261 154
262 153
263 152
264 151
265 150
266 149
267 148
268 147
269 146
270 145
271 144
272 143
273 142
273 208
274 207
275 206
276 205
276 204
276 203
276 202
276 201
276 200
276 199
276 198
276 197
265 297
266 297
267 297
268 297
269 297
270 297
271 297
272 297
273 297
274 297
275 297
276 297
277 297
266 252
267 252
268 252
269 252
270 252
271 252
272 252
273 252
274 252
275 252
276 252
277 252
278 252
279 252
267 344
268 343
269 343
270 343
271 343
272 343
273 343
274 343
275 343
276 343
277 343
278 343
279 343
267 346
268 347
269 348
270 349
271 350
272 351
273 352
274 353
275 354
276 355
277 356
278 357
279 358
268 107
269 107
270 107
271 107
272 107
273 107
274 107
275 107
276 107
277 107
278 107
279 107
280 107
279 214
280 213
280 212
270 432
271 431
272 430
273 429
274 428
275 427
276 426
277 425
278 424
279 423
280 422
269 395
270 394
271 393
272 392
273 391
274 390
275 389
276 388
277 387
278 386
279 385
280 384
281 383
270 267
271 267
272 267
273 267
274 267
275 267
276 267
277 267
278 267
279 267
280 267
281 267
282 267
241 106
242 105
243 104
244 103
245 102
246 101
247 100
248 99
249 98
250 97
251 96
252 95
253 94
254 93
255 92
256 91
257 90
258 89
259 88
260 87
261 86
262 85
263 84
264 83
265 82
266 81
267 80
268 79
269 78
270 77
271 76
272 75
273 74
274 73
275 72
276 71
277 70
278 69
279 68
280 67
281 66
282 65
283 64
284 63
285 62
285 61
285 60
285 59
285 58
285 57
285 56
285 55
287 226
286 227
285 227
272 281
273 281
274 281
275 281
276 281
277 281
278 281
279 281
280 281
281 281
282 281
283 281
284 281
285 281
275 298
276 299
277 300
278 301
279 302
280 303
281 304
282 305
283 306
284 307
285 308
283 66
284 67
285 68
286 69
287 70
296 235
295 236
294 237
293 238
292 239
291 240
290 241
289 242
288 242
282 303
283 302
284 301
285 300
286 299
287 298
288 297
289 296
290 295
291 294
292 293
256 436
257 437
258 438
259 439
260 440
261 441
262 442
263 443
264 444
265 445
266 446
267 447
268 448
269 449
270 450
271 451
272 452
273 453
274 454
275 455
276 456
277 457
278 458
279 459
280 460
281 461
282 462
283 463
284 464
285 465
286 466
287 467
288 468
289 469
290 470
291 471
292 472
292 473
292 474
292 475
292 476
292 477
292 478
292 479
292 480
292 481
292 482
292 483
292 484
292 485
292 486
292 487
292 488
292 489
292 490
283 266
284 265
285 264
286 263
287 262
288 261
289 260
290 259
291 258
292 257
293 257
286 60
287 59
288 58
289 57
290 56
291 55
292 54
293 53
294 52
295 51
296 50
297 49
288 71
289 72
290 73
291 74
292 75
293 76
294 77
295 78
296 79
297 80
297 81
297 82
297 83
297 84
288 263
289 264
290 265
291 266
292 267
293 268
294 269
295 270
296 271
297 271
282 217
283 216
284 215
285 214
286 213
287 212
288 211
289 210
290 209
291 208
292 207
293 206
294 205
295 204
296 203
297 202
298 201
288 299
289 300
290 301
291 302
292 303
293 304
294 305
295 306
296 307
297 308
298 309
275 108
276 109
277 110
278 111
279 112
280 113
281 114
282 115
283 116
284 117
285 118
286 119
287 120
288 121
289 122
290 123
291 124
292 125
293 126
294 127
295 128
296 129
297 130
298 131
299 132
299 133
299 134
299 135
299 136
299 137
299 138
299 139
299 140
299 141
299 142
299 143
299 144
299 145
299 146
299 147
299 148
299 149
299 150
299 151
299 152
299 153
299 154
299 155
299 156
299 157
299 158
299 159
299 160
299 161
299 162
299 163
299 164
299 165
299 166
299 167
299 168
299 169
299 170
299 171
299 172
299 173
299 174
292 209
293 210
294 211
295 212
296 213
297 214
298 215
299 215
297 232
298 231
299 230
299 310
299 311
299 312
299 313
299 314
299 315
299 316
299 317
299 318
299 319
299 320
299 321
299 322
299 323
299 324
299 325
299 326
299 327
299 328
299 329
299 330
299 331
299 332
299 333
299 334
299 335
299 336
299 337
292 56
293 57
294 58
295 59
296 60
297 61
298 62
299 63
300 63
298 85
299 86
300 87
300 88
300 89
300 90
300 91
300 92
300 93
300 94
300 95
300 96
300 97
300 98
300 99
291 122
292 121
293 120
294 119
295 118
296 117
297 116
298 115
299 114
300 113
287 465
288 464
289 463
290 462
291 461
292 460
293 459
294 458
295 457
296 456
297 455
298 454
299 453
300 452
301 451
304 243
303 244
302 245
281 421
282 420
283 420
284 420
285 420
286 420
287 420
288 420
289 420
290 420
291 420
292 420
293 420
294 420
295 420
296 420
297 420
298 420
299 420
300 420
301 420
302 420
299 200
300 199
301 198
302 197
303 196
304 195
304 194
304 193
304 192
304 191
304 190
304 189
304 188
293 292
294 291
295 290
296 289
297 288
298 287
299 286
300 285
301 285
302 285
303 285
304 285
293 479
294 480
295 481
296 482
297 483
298 484
299 485
300 486
301 487
302 488
303 489
304 490
305 491
299 483
300 482
301 481
302 480
303 479
304 478
305 477
306 476
314 253
313 254
312 255
311 256
310 257
309 258
308 258
299 308
300 307
301 306
302 305
303 304
304 303
305 302
306 301
307 300
308 300
301 86
302 85
303 84
304 83
305 82
306 81
307 80
308 79
309 78
299 61
300 60
301 59
302 58
303 57
304 56
305 55
306 54
307 53
308 52
309 51
310 50
311 49
322 261
321 262
320 263
319 264
318 265
317 266
316 267
315 268
314 269
313 270
312 271
303 421
304 422
305 423
306 424
307 425
308 426
309 427
310 428
311 429
312 429
301 100
302 101
303 102
304 103
305 104
306 105
307 106
308 107
309 108
310 109
311 110
312 111
313 112
300 133
301 134
302 135
303 136
304 137
305 138
306 139
307 140
308 141
309 142
310 142
311 142
312 142
313 142
305 240
306 239
307 238
308 237
309 236
310 235
311 234
312 233
313 232
302 452
303 453
304 454
305 455
306 456
307 457
308 457
309 457
310 457
311 457
312 457
313 457
307 302
308 303
309 304
310 305
311 306
312 307
313 308
314 309
315 310
316 311
314 249
315 248
316 247
317 246
305 285
306 285
307 285
308 285
309 285
310 285
311 285
312 285
313 285
314 285
315 285
316 285
317 285
318 285
317 312
318 313
319 314
319 315
319 316
319 317
319 318
319 319
319 320
319 321
319 322
319 323
319 324
319 325
319 326
319 327
319 328
319 329
319 330
319 331
319 332
319 333
319 334
319 335
319 336
319 337
319 338
319 339
300 146
301 147
302 148
303 149
304 150
305 151
306 152
307 153
308 154
309 155
310 156
311 157
312 158
313 159
314 160
315 161
316 162
317 163
318 164
319 165
320 166
321 167
321 168
321 169
321 170
321 171
321 172
321 173
321 174
321 175
321 176
321 177
321 178
321 179
321 180
305 196
306 197
307 198
308 199
309 200
310 201
311 202
312 202
313 202
314 202
315 202
316 202
317 202
318 202
319 202
320 202
321 202
312 203
313 204
314 205
315 206
316 207
317 208
318 209
319 210
320 211
321 212
321 213
321 214
321 215
321 216
312 428
313 427
314 426
315 425
316 424
317 423
318 422
319 421
320 420
321 419
322 418
315 308
316 307
317 306
318 305
319 304
320 303
321 302
322 301
323 300
324 299
314 113
315 113
316 113
317 113
318 113
319 113
320 113
321 113
322 113
323 113
324 113
325 113
326 113
314 143
315 143
316 143
317 143
318 143
319 143
320 143
321 143
322 143
323 143
324 143
325 143
326 143
314 231
315 231
316 231
317 231
318 231
319 231
320 231
321 231
322 231
323 231
324 231
325 231
326 231
332 271
331 272
330 273
329 274
328 275
327 275
320 340
321 341
322 342
323 343
324 344
325 345
326 346
327 347
328 348
328 349
328 350
328 351
328 352
328 353
328 354
328 355
328 356
328 357
328 358
328 359
328 360
328 361
328 362
328 363
328 364
307 477
308 478
309 479
310 480
311 481
312 482
313 483
314 483
315 483
316 483
317 483
318 483
319 483
320 483
321 483
322 483
323 483
324 483
325 483
326 483
327 483
328 483
312 50
313 51
314 52
315 53
316 54
317 55
318 56
319 56
320 56
321 56
322 56
323 56
324 56
325 56
326 56
327 56
328 56
329 56
320 314
321 314
322 314
323 314
324 314
325 314
326 314
327 314
328 314
329 314
330 314
323 417
324 416
325 415
326 414
327 413
328 412
329 411
330 410
330 409
330 408
330 407
330 406
330 405
330 404
330 403
330 402
330 401
330 400
330 399
330 398
330 397
330 396
330 395
330 394
321 421
322 422
323 423
324 424
325 425
326 426
327 427
328 428
329 429
330 429
321 256
322 255
323 254
324 253
325 252
326 251
327 250
328 249
329 248
330 247
331 246
331 245
321 114
322 115
323 116
324 117
325 118
326 119
327 120
328 121
329 122
330 123
331 124
332 125
327 345
328 344
329 343
330 342
331 341
332 340
315 484
316 485
317 486
318 487
319 488
320 489
321 490
322 491
323 492
324 493
325 494
326 495
327 496
328 497
329 498
330 499
331 500
332 501
318 54
319 53
320 52
321 51
322 50
323 49
324 48
325 47
326 46
327 45
328 44
329 43
330 42
331 41
332 40
333 39
334 39
322 166
323 166
324 166
325 166
326 166
327 166
328 166
329 166
330 166
331 166
332 166
333 166
334 166
322 169
323 170
324 171
325 172
326 173
327 174
328 175
329 176
330 177
331 178
332 179
333 180
334 181
325 298
326 297
327 296
328 295
329 294
330 293
331 292
332 291
333 290
334 290
323 57
324 58
325 59
326 60
327 61
328 62
329 63
330 64
331 65
332 66
333 67
334 68
335 69
322 202
323 202
324 202
325 202
326 202
327 202
328 202
329 202
330 202
331 202
332 202
333 202
334 202
335 202
322 203
323 204
324 205
325 206
326 207
327 208
328 209
329 210
330 211
331 212
332 213
333 214
334 215
335 216
329 365
330 366
331 367
332 368
333 369
334 370
335 371
336 372
336 373
336 374
336 375
322 482
323 481
324 480
325 479
326 478
327 477
328 476
329 475
330 474
331 473
332 472
333 471
334 470
335 469
336 468
331 266
332 265
333 264
334 263
335 262
336 261
337 260
337 259
328 315
329 316
330 317
331 318
332 319
333 320
334 321
335 322
336 323
337 324
338 325
331 411
332 412
333 413
334 414
335 415
336 416
337 417
338 418
327 142
328 142
329 142
330 142
331 142
332 142
333 142
334 142
335 142
336 142
337 142
338 142
339 142
330 121
331 120
332 119
333 118
334 117
335 116
336 115
337 114
338 113
339 112
340 112
327 230
328 230
329 230
330 230
331 230
332 230
333 230
334 230
335 230
336 230
337 230
338 230
339 230
340 230
334 271
335 272
336 273
337 274
338 274
339 274
340 274
331 313
332 312
333 311
334 310
335 309
336 308
337 307
338 306
339 305
340 305
331 475
332 476
333 477
334 478
335 479
336 480
337 481
338 482
339 483
340 484
341 484
332 64
333 63
334 62
335 61
336 60
337 59
338 58
339 57
340 56
341 55
342 54
336 70
337 71
338 72
339 73
340 74
341 75
342 76
343 77
343 78
343 79
343 80
335 369
336 368
337 367
338 366
339 365
340 364
341 363
342 362
343 362
332 245
333 244
334 244
335 244
336 244
337 244
338 244
339 244
340 244
341 244
342 244
343 244
344 244
345 244
333 341
334 341
335 341
336 341
337 341
338 341
339 341
340 341
341 341
342 341
343 341
344 341
345 341
333 500
334 499
335 499
336 499
337 499
338 499
339 499
340 499
341 499
342 499
343 499
344 499
345 499
339 419
340 420
341 421
342 422
343 423
344 424
345 425
346 426
346 427
346 428
346 429
335 38
336 37
337 37
338 37
339 37
340 37
341 37
342 37
343 37
344 37
345 37
346 37
347 37
338 115
339 116
340 117
341 118
342 119
343 120
344 121
345 122
346 123
347 124
335 182
336 182
337 182
338 182
339 182
340 182
341 182
342 182
343 182
344 182
345 182
346 182
347 182
335 289
336 289
337 289
338 289
339 289
340 289
341 289
342 289
343 289
344 289
345 289
346 289
347 289
337 467
338 466
339 465
340 464
341 463
342 462
343 461
344 460
345 459
346 458
347 458
335 167
336 167
337 167
338 167
339 167
340 167
341 167
342 167
343 167
344 167
345 167
346 167
347 167
348 167
336 202
337 202
338 202
339 202
340 202
341 202
342 202
343 202
344 202
345 202
346 202
347 202
348 202
349 202
337 229
338 228
339 227
340 226
341 225
342 224
343 223
344 222
345 221
346 220
347 219
348 218
349 217
341 57
342 58
343 59
344 60
345 61
346 62
347 63
348 64
349 65
350 65
340 366
341 367
342 368
343 369
344 370
345 371
346 372
347 373
348 374
349 375
350 376
340 143
341 144
342 145
343 146
344 147
345 148
346 148
347 148
348 148
349 148
350 148
351 148
338 259
339 258
340 258
341 258
342 258
343 258
344 258
345 258
346 258
347 258
348 258
349 258
350 258
351 258
341 306
342 307
343 308
344 309
345 310
346 311
347 312
348 313
349 314
350 315
351 315
342 464
343 465
344 466
345 467
346 468
347 469
348 470
349 471
350 472
351 472
351 377
352 378
352 379
352 380
352 381
352 382
352 383
352 384
352 385
352 386
352 387
352 388
352 389
352 390
339 417
340 416
341 415
342 414
343 413
344 412
345 411
346 410
347 409
348 408
349 407
350 406
351 405
352 404
341 273
342 273
343 273
344 273
345 273
346 273
347 273
348 273
349 273
350 273
351 273
352 273
353 273
343 340
344 339
345 338
346 337
347 336
348 335
349 334
350 333
351 332
352 331
353 330
344 78
345 79
346 80
347 81
348 82
349 83
350 84
351 85
352 86
353 87
354 88
342 117
343 116
344 115
345 114
346 113
347 112
348 111
349 110
350 109
351 108
352 107
353 106
354 105
345 223
346 224
347 225
348 226
349 227
350 228
351 229
352 230
353 231
354 232
346 309
347 308
348 307
349 306
350 305
351 304
352 303
353 302
354 301
355 300
347 425
348 424
349 423
350 422
351 421
352 420
353 419
354 419
355 419
344 498
345 497
346 496
347 495
348 494
349 493
350 492
351 491
352 490
353 489
354 488
355 487
346 500
347 501
348 502
349 503
350 504
351 505
352 506
353 507
354 508
355 508
345 38
346 39
347 40
348 41
349 42
350 43
351 44
352 45
353 46
354 47
355 48
356 49
346 370
347 369
348 368
349 367
350 366
351 365
352 364
353 363
354 362
355 361
356 361
350 111
351 112
352 113
353 114
354 115
355 116
356 117
357 118
358 119
359 120
360 120
348 183
349 183
350 183
351 183
352 183
353 183
354 183
355 183
356 183
357 183
358 183
359 183
360 183
349 257
350 256
351 255
352 254
353 253
354 252
355 251
356 250
357 249
358 248
359 247
360 246
348 457
349 457
350 457
351 457
352 457
353 457
354 457
355 457
356 457
357 457
358 457
359 457
360 457
352 43
353 42
354 41
355 40
356 39
357 38
358 37
359 36
360 35
361 34
351 66
352 67
353 68
354 69
355 70
356 71
357 72
358 73
359 73
360 73
361 73
349 168
350 168
351 168
352 168
353 168
354 168
355 168
356 168
357 168
358 168
359 168
360 168
361 168
352 422
353 423
354 424
355 425
356 426
357 427
358 428
359 429
360 430
361 431
353 274
354 275
355 276
356 277
357 278
358 279
359 280
360 281
361 282
362 283
353 332
354 333
355 334
356 335
357 336
358 337
359 338
360 339
361 340
362 340
350 203
351 204
352 204
353 204
354 204
355 204
356 204
357 204
358 204
359 204
360 204
361 204
362 204
363 204
353 229
354 228
355 227
356 226
357 225
358 224
359 223
360 222
361 221
362 220
363 219
354 364
355 365
356 366
357 367
358 368
359 369
360 370
361 371
362 372
363 373
364 374
356 252
357 253
358 254
359 255
360 256
361 257
362 258
363 259
364 260
365 260
355 302
356 303
357 304
358 305
359 306
360 307
361 308
362 309
363 310
364 311
365 312
352 471
353 471
354 471
355 471
356 471
357 471
358 471
359 471
360 471
361 471
362 471
363 471
364 471
365 471
357 50
358 51
359 52
360 53
361 54
362 55
363 56
364 57
365 58
366 58
356 488
357 489
358 490
359 491
360 492
361 493
362 493
363 493
364 493
365 493
366 493
367 493
358 335
359 334
360 333
361 332
362 331
363 330
364 329
365 328
366 327
367 326
368 325
361 223
362 224
363 225
364 226
365 227
366 228
367 229
368 230
369 231
360 305
361 304
362 303
363 302
364 301
365 300
366 299
367 298
368 297
369 296
361 369
362 368
363 367
364 366
365 365
366 364
367 363
368 362
369 361
370 360
360 428
361 427
362 426
363 425
364 424
365 423
366 422
367 421
368 420
369 419
370 419
362 35
363 36
364 37
365 38
366 39
367 40
368 41
369 42
370 43
371 43
353 379
354 380
355 381
356 382
357 383
358 384
359 385
360 386
361 387
362 388
363 389
364 390
365 391
366 392
367 393
368 394
369 395
370 395
371 395
361 119
362 118
363 117
364 116
365 115
366 114
367 113
368 113
369 113
370 113
371 113
372 113
352 147
353 146
354 145
355 144
356 143
357 143
358 143
359 143
360 143
361 143
362 143
363 143
364 143
365 143
366 143
367 143
368 143
369 143
370 143
371 143
372 143
373 143
361 184
362 184
363 184
364 184
365 184
366 184
367 184
368 184
369 184
370 184
371 184
372 184
373 184
363 282
364 281
365 280
366 279
367 278
368 277
369 276
370 275
371 274
372 274
373 274
362 256
363 255
364 254
365 253
366 252
367 251
368 250
369 249
370 248
371 247
372 246
373 245
374 245
364 205
365 206
366 207
367 208
368 209
369 209
370 209
371 209
372 209
373 209
374 209
375 209
376 209
377 209
368 327
369 328
370 329
371 330
372 331
373 332
374 333
375 334
376 335
377 335
367 115
368 116
369 117
370 118
371 119
372 120
373 121
374 122
375 123
376 124
377 125
378 125
369 421
370 422
371 423
372 424
373 425
374 426
375 427
376 428
377 429
378 430
370 250
371 251
372 252
373 253
374 254
375 255
376 256
377 257
378 258
379 259
369 298
370 299
371 300
372 301
373 302
374 303
375 304
376 305
377 306
378 307
379 307
370 362
371 363
372 364
373 365
374 366
375 367
376 368
377 369
378 370
379 370
370 230
371 229
372 228
373 227
374 226
375 225
376 224
377 224
378 224
379 224
380 224
381 224
371 298
372 297
373 296
374 295
375 294
376 293
377 292
378 291
379 290
380 289
381 288
374 183
375 182
376 181
377 180
378 179
379 178
380 177
381 176
382 175
383 175
373 330
374 329
375 328
376 327
377 326
378 325
379 324
380 323
381 322
382 321
383 320
375 365
376 364
377 363
378 362
379 361
380 360
381 359
382 358
383 357
384 356
374 144
375 145
376 146
377 147
378 148
379 149
380 149
381 149
382 149
383 149
384 149
385 149
375 244
376 243
377 242
378 241
379 240
380 239
381 239
382 239
383 239
384 239
385 239
386 239
377 123
378 122
379 121
380 120
381 119
382 118
383 117
384 116
385 115
386 114
387 114
378 181
379 182
380 183
381 184
382 185
383 186
384 187
385 188
386 189
387 189
380 260
381 261
382 262
383 263
384 264
385 265
386 266
387 267
387 268
387 269
387 270
387 271
387 272
378 428
379 427
380 426
381 425
382 424
383 423
384 422
385 421
386 420
387 420
372 44
373 45
374 46
375 47
376 48
377 49
378 50
379 51
380 52
381 53
382 54
383 55
384 56
385 57
386 58
387 58
388 58
389 58
390 58
368 492
369 491
370 490
371 489
372 488
373 487
374 486
375 485
376 484
377 483
378 482
379 481
380 481
381 481
382 481
383 481
384 481
385 481
386 481
387 481
388 481
389 481
390 481
383 261
384 260
385 259
386 258
387 257
388 256
389 255
390 254
391 253
392 253
382 289
383 290
384 291
385 292
386 293
387 294
388 295
389 296
390 297
391 298
392 299
382 426
383 427
384 428
385 429
386 430
387 431
388 432
389 433
390 434
391 435
392 435
382 223
383 222
384 222
385 222
386 222
387 222
388 222
389 222
390 222
391 222
392 222
393 222
394 222
385 357
386 358
387 359
388 360
389 361
390 362
391 363
392 364
393 365
394 365
392 436
393 437
394 438
394 439
394 440
394 441
394 442
394 443
394 444
394 445
394 446
394 447
394 448
394 449
387 59
388 60
389 61
390 62
391 63
392 64
393 65
394 66
395 67
395 68
395 69
395 70
395 71
395 72
395 73
395 74
395 75
395 76
395 77
395 78
395 79
395 80
395 81
395 82
395 83
395 84
395 85
395 86
387 113
388 112
389 111
390 110
391 109
392 108
393 107
394 106
395 105
395 104
395 103
395 102
395 101
386 116
387 117
388 118
389 119
390 120
391 121
392 122
393 123
394 124
395 125
384 319
385 318
386 317
387 316
388 315
389 314
390 314
391 314
392 314
393 314
394 314
395 314
388 273
389 274
390 275
391 276
392 277
393 278
394 279
395 280
396 281
396 282
386 148
387 147
388 146
389 145
390 144
391 143
392 143
393 143
394 143
395 143
396 143
397 143
388 358
389 357
390 356
391 355
392 354
393 353
394 352
395 351
396 350
397 350
388 188
389 187
390 186
391 185
392 184
393 183
394 182
395 181
396 180
397 180
398 180
391 187
392 188
393 189
394 190
395 191
396 192
397 193
398 194
399 195
387 238
388 237
389 237
390 237
391 237
392 237
393 237
394 237
395 237
396 237
397 237
398 237
399 237
392 275
393 274
394 273
395 272
396 271
397 270
398 269
399 268
400 267
390 432
391 431
392 430
393 429
394 428
395 427
396 426
397 425
398 424
399 423
400 422
401 421
391 482
392 483
393 484
394 485
395 486
396 487
397 488
398 489
399 490
400 490
401 490
391 57
392 56
393 55
394 54
395 53
396 52
397 51
398 50
399 50
400 50
401 50
402 50
395 450
396 451
397 452
398 453
399 454
400 455
401 456
402 457
403 458
403 459
396 106
397 107
398 108
399 109
400 110
401 110
402 110
403 110
404 110
405 110
393 252
394 252
395 252
396 252
397 252
398 252
399 252
400 252
401 252
402 252
403 252
404 252
405 252
393 298
394 297
395 297
396 297
397 297
398 297
399 297
400 297
401 297
402 297
403 297
404 297
405 297
396 485
397 484
398 483
399 482
400 481
401 480
402 479
403 478
404 477
405 477
397 427
398 428
399 429
400 430
401 431
402 432
403 433
404 434
405 435
406 435
396 66
397 65
398 65
399 65
400 65
401 65
402 65
403 65
404 65
405 65
406 65
407 65
398 349
399 348
400 347
401 346
402 345
403 344
404 343
405 342
406 342
407 342
408 342
397 67
398 68
399 69
400 70
401 71
402 72
403 73
404 74
405 75
406 76
407 77
408 78
409 79
398 144
399 145
400 146
401 147
402 148
403 149
404 149
405 149
406 149
407 149
408 149
409 149
400 196
401 197
402 198
403 199
404 200
405 201
406 202
407 203
408 204
409 204
400 269
401 270
402 271
403 272
404 273
405 274
406 275
407 276
408 277
409 278
410 279
402 491
403 492
404 492
405 492
406 492
407 492
408 492
409 492
410 492
411 492
412 492
413 492
414 492
404 432
405 431
406 430
407 429
408 428
409 427
410 426
411 425
412 424
413 423
414 422
415 422
403 49
404 48
405 47
406 46
407 46
408 46
409 46
410 46
411 46
412 46
413 46
414 46
415 46
416 46
409 205
410 206
411 207
412 208
413 209
414 210
415 211
416 212
416 213
416 214
416 215
416 216
416 217
416 218
406 341
407 340
408 339
409 338
410 337
411 336
412 335
413 334
414 333
415 332
416 331
417 330
417 329
417 328
417 327
417 326
406 109
407 108
408 107
409 107
410 107
411 107
412 107
413 107
414 107
415 107
416 107
417 107
418 107
409 343
410 344
411 345
412 346
413 347
414 348
415 349
416 350
417 350
418 350
419 350
410 428
411 429
412 430
413 431
414 432
415 433
416 434
417 435
418 436
419 437
408 64
409 63
410 62
411 61
412 61
413 61
414 61
415 61
416 61
417 61
418 61
419 61
420 61
412 206
413 205
414 204
415 203
416 202
417 201
418 200
419 199
420 198
421 197
417 219
418 220
419 221
420 222
421 223
422 224
423 225
423 226
423 227
423 228
423 229
423 230
423 231
418 325
419 324
420 323
421 322
422 321
423 320
424 319
424 318
424 317
424 316
424 315
424 314
424 313
424 312
410 150
411 150
412 150
413 150
414 150
415 150
416 150
417 150
418 150
419 150
420 150
421 150
422 150
423 150
424 150
425 150
426 150
418 108
419 109
420 110
421 111
422 112
423 113
424 114
425 115
426 116
427 117
418 331
419 332
420 333
421 334
422 335
423 335
424 335
425 335
426 335
427 335
420 220
421 219
422 218
423 217
424 216
425 215
426 214
427 213
428 212
424 232
425 233
426 234
427 235
428 236
428 237
428 238
428 239
428 240
428 241
428 242
428 243
428 244
428 245
402 420
403 419
404 418
405 417
406 416
407 415
408 414
409 413
410 412
411 411
412 410
413 409
414 408
415 407
416 406
417 405
418 404
419 403
420 402
421 401
422 400
423 399
424 398
425 397
426 396
427 395
428 394
428 393
428 392
428 391
428 390
428 389
428 388
411 280
412 281
413 282
414 283
415 284
416 285
417 286
418 287
419 288
420 289
421 290
422 291
423 292
424 293
425 293
426 293
427 293
428 293
429 293
425 399
426 400
427 401
428 402
429 402
417 433
418 432
419 431
420 430
421 429
422 428
423 427
424 426
425 425
426 424
427 423
428 422
429 421
418 151
419 152
420 153
421 154
422 155
423 156
424 157
425 158
426 159
427 160
428 161
429 162
430 163
431 164
429 246
430 247
431 248
431 249
431 250
431 251
431 252
431 253
431 254
431 255
431 256
431 257
431 258
431 259
429 387
430 386
431 385
431 384
431 383
431 382
431 381
431 380
431 379
431 378
431 377
431 376
431 375
431 374
431 373
431 372
432 165
432 166
432 167
432 168
432 169
432 170
432 171
432 172
432 173
432 174
432 175
432 176
432 177
432 178
419 286
420 285
421 284
422 283
423 282
424 281
425 280
426 279
427 278
428 277
429 276
430 275
431 274
432 273
420 351
421 351
422 351
423 351
424 351
425 351
426 351
427 351
428 351
429 351
430 351
431 351
432 351
424 428
425 429
426 430
427 431
428 432
429 433
430 434
431 435
432 436
422 196
423 195
424 194
425 193
426 193
427 193
428 193
429 193
430 193
431 193
432 193
433 193
434 193
425 320
426 320
427 320
428 320
429 320
430 320
431 320
432 320
433 320
434 320
435 320
427 115
428 114
429 113
430 112
431 111
432 110
433 109
434 108
435 107
436 107
428 234
429 233
430 232
431 231
432 230
433 229
434 228
435 227
436 226
428 118
429 119
430 120
431 121
432 122
433 123
434 124
435 125
436 125
437 125
438 125
427 149
428 148
429 147
430 146
431 145
432 144
433 143
434 142
435 142
436 142
437 142
438 142
428 294
429 295
430 296
431 297
432 298
433 299
434 300
435 301
436 302
437 303
438 304
428 336
429 336
430 336
431 336
432 336
433 336
434 336
435 336
436 336
437 336
438 336
439 336
440 336
429 211
430 210
431 209
432 208
433 207
434 207
435 207
436 207
437 207
438 207
439 207
440 207
441 207
432 247
433 246
434 245
435 244
436 243
437 242
438 241
439 241
440 241
441 241
432 386
433 387
434 387
435 387
436 387
437 387
438 387
439 387
440 387
441 387
432 275
433 276
434 277
435 278
436 279
437 280
438 281
439 282
440 283
441 284
442 285
430 403
431 403
432 403
433 403
434 403
435 403
436 403
437 403
438 403
439 403
440 403
441 403
442 403
430 420
431 420
432 420
433 420
434 420
435 420
436 420
437 420
438 420
439 420
440 420
441 420
442 420
433 352
434 353
435 354
436 355
437 356
438 357
439 358
440 359
441 360
442 361
443 362
436 277
437 276
438 275
439 274
440 273
441 272
442 271
443 270
444 269
445 268
433 435
434 435
435 435
436 435
437 435
438 435
439 435
440 435
441 435
442 435
443 435
444 435
445 435
435 193
436 193
437 193
438 193
439 193
440 193
441 193
442 193
443 193
444 193
445 193
446 193
447 193
448 193
439 356
440 355
441 354
442 353
443 352
444 351
445 350
446 349
447 348
448 347
437 108
438 108
439 108
440 108
441 108
442 108
443 108
444 108
445 108
446 108
447 108
448 108
449 108
439 124
440 123
441 123
442 123
443 123
444 123
445 123
446 123
447 123
448 123
449 123
450 123
451 123
439 303
440 302
441 301
442 300
443 299
444 299
445 299
446 299
447 299
448 299
449 299
450 299
451 299
442 242
443 243
444 244
445 245
446 246
447 247
448 247
449 247
450 247
451 247
452 247
453 247
446 194
447 195
448 196
449 197
450 198
451 199
452 200
453 201
454 202
455 203
456 204
443 420
444 420
445 420
446 420
447 420
448 420
449 420
450 420
451 420
452 420
453 420
454 420
455 420
456 420
446 269
447 270
448 271
449 272
450 273
451 274
452 274
453 274
454 274
455 274
456 274
457 274
446 436
447 436
448 436
449 436
450 436
451 436
452 436
453 436
454 436
455 436
456 436
457 436
458 436
442 208
443 209
444 210
445 211
446 212
447 213
448 214
449 215
450 216
451 217
452 218
453 219
454 220
455 221
456 222
457 223
458 224
459 224
447 300
448 301
449 302
450 303
451 304
452 305
453 306
454 307
455 308
456 309
457 310
458 311
459 312
449 346
450 345
451 344
452 343
453 342
454 341
455 340
456 339
457 339
458 339
459 339
450 107
451 107
452 107
453 107
454 107
455 107
456 107
457 107
458 107
459 107
460 107
461 107
462 107
451 248
452 249
453 250
454 251
455 252
456 253
457 254
458 255
459 256
460 257
461 258
462 259
452 298
453 297
454 296
455 295
456 294
457 293
458 292
459 291
460 290
461 289
462 289
454 200
455 199
456 198
457 197
458 196
459 195
460 194
461 193
462 192
463 192
454 343
455 344
456 345
457 346
458 347
459 348
460 349
461 350
462 351
463 352
452 122
453 122
454 122
455 122
456 122
457 122
458 122
459 122
460 122
461 122
462 122
463 122
464 122
454 246
455 245
456 244
457 243
458 242
459 241
460 240
461 239
462 239
463 239
464 239
463 191
464 190
465 189
465 188
465 187
465 186
465 185
465 184
465 183
465 182
465 181
465 180
465 179
465 178
465 177
464 353
465 354
466 355
466 356
466 357
466 358
466 359
466 360
466 361
466 362
466 363
466 364
466 365
466 366
466 367
460 313
461 314
462 315
463 316
464 317
465 318
466 319
467 320
468 321
469 321
457 421
458 421
459 421
460 421
461 421
462 421
463 421
464 421
465 421
466 421
467 421
468 421
469 421
452 124
453 125
454 126
455 127
456 128
457 129
458 130
459 131
460 132
461 133
462 134
463 135
464 136
465 137
466 138
467 139
468 140
469 141
470 142
460 196
461 197
462 198
463 199
464 200
465 201
466 202
467 203
468 204
469 205
470 205
461 312
462 311
463 310
464 309
465 308
466 307
467 306
468 305
469 304
470 303
463 260
464 261
465 262
466 263
467 264
468 265
469 266
470 267
471 268
471 269
471 270
471 271
451 419
452 418
453 417
454 416
455 415
456 414
457 413
458 412
459 411
460 410
461 409
462 408
463 407
464 406
465 405
466 404
467 403
468 402
469 401
470 400
471 399
459 437
460 437
461 437
462 437
463 437
464 437
465 437
466 437
467 437
468 437
469 437
470 437
471 437
460 224
461 224
462 224
463 224
464 224
465 224
466 224
467 224
468 224
469 224
470 224
471 224
472 224
473 224
462 349
463 348
464 347
465 346
466 345
467 344
468 343
469 342
470 341
471 340
472 339
473 339
465 240
466 241
467 242
468 243
469 244
470 245
471 246
472 247
473 248
474 249
475 249
463 107
464 107
465 107
466 107
467 107
468 107
469 107
470 107
471 107
472 107
473 107
474 107
475 107
476 107
465 123
466 123
467 123
468 123
469 123
470 123
471 123
472 123
473 123
474 123
475 123
476 123
477 123
466 188
467 187
468 186
469 185
470 185
471 185
472 185
473 185
474 185
475 185
476 185
477 185
468 345
469 346
470 347
471 348
472 349
473 350
474 351
475 352
476 353
477 353
467 356
468 357
469 358
470 359
471 360
472 361
473 362
474 363
475 364
476 365
477 366
478 367
479 367
480 367
473 225
474 226
475 227
476 228
477 229
478 230
479 231
480 232
481 233
482 234
471 302
472 301
473 300
474 299
475 298
476 297
477 297
478 297
479 297
480 297
481 297
482 297
472 303
473 304
474 305
475 306
476 307
477 308
478 309
479 310
480 311
481 312
482 312
470 420
471 420
472 420
473 420
474 420
475 420
476 420
477 420
478 420
479 420
480 420
481 420
482 420
471 143
472 143
473 143
474 143
475 143
476 143
477 143
478 143
479 143
480 143
481 143
482 143
483 143
471 204
472 203
473 202
474 201
475 200
476 199
477 199
478 199
479 199
480 199
481 199
482 199
483 199
472 268
473 268
474 268
475 268
476 268
477 268
478 268
479 268
480 268
481 268
482 268
483 268
484 268
472 400
473 400
474 400
475 400
476 400
477 400
478 400
479 400
480 400
481 400
482 400
483 400
484 400
472 436
473 435
474 435
475 435
476 435
477 435
478 435
479 435
480 435
481 435
482 435
483 435
484 435
478 184
479 183
480 182
481 181
482 180
483 179
484 178
485 177
486 176
487 176
475 350
476 349
477 348
478 347
479 346
480 345
481 344
482 343
483 342
484 341
485 340
486 339
487 339
477 108
478 108
479 108
480 108
481 108
482 108
483 108
484 108
485 108
486 108
487 108
488 108
489 108
478 124
479 124
480 124
481 124
482 124
483 124
484 124
485 124
486 124
487 124
488 124
489 124
490 124
483 235
484 236
485 237
486 238
487 239
488 240
489 241
490 242
490 243
490 244
490 245
482 232
483 231
484 230
485 229
486 228
487 227
488 226
489 225
490 224
491 224
482 345
483 346
484 347
485 348
486 349
487 350
488 351
489 352
490 353
491 353
483 313
484 314
485 315
486 316
487 317
488 318
489 319
490 320
491 321
492 321
484 269
485 270
486 271
487 272
488 273
489 274
490 275
491 276
492 277
493 278
484 198
485 197
486 196
487 195
488 194
489 193
490 192
491 191
492 191
493 191
494 191
481 367
482 367
483 367
484 367
485 367
486 367
487 367
488 367
489 367
490 367
491 367
492 367
493 367
494 367
484 142
485 142
486 142
487 142
488 142
489 142
490 142
491 142
492 142
493 142
494 142
495 142
496 142
484 312
485 311
486 310
487 309
488 308
489 307
490 306
491 305
492 304
493 303
494 302
495 301
496 301
483 421
484 421
485 421
486 421
487 421
488 421
489 421
490 421
491 421
492 421
493 421
494 421
495 421
496 421
488 196
489 197
490 198
491 199
492 200
493 201
494 202
495 203
496 204
497 205
485 401
486 401
487 401
488 401
489 401
490 401
491 401
492 401
493 401
494 401
495 401
496 401
497 401
485 436
486 436
487 436
488 436
489 436
490 436
491 436
492 436
493 436
494 436
495 436
496 436
497 436
490 273
491 272
492 271
493 270
494 269
495 268
496 267
497 266
498 265
499 264
488 176
489 176
490 176
491 176
492 176
493 176
494 176
495 176
496 176
497 176
498 176
499 176
500 176
501 176
489 350
490 349
491 348
492 347
493 346
494 345
495 344
496 343
497 342
498 341
499 340
500 339
501 339
490 107
491 107
492 107
493 107
494 107
495 107
496 107
497 107
498 107
499 107
500 107
501 107
502 107
492 225
493 226
494 227
495 228
496 229
497 230
498 231
499 232
500 233
501 234
502 235
491 123
492 122
493 122
494 122
495 122
496 122
497 122
498 122
499 122
500 122
501 122
502 122
503 122
494 304
495 305
496 306
497 307
498 308
499 309
500 310
501 311
502 312
503 313
504 314
505 314
496 345
497 346
498 347
499 348
500 349
501 350
502 351
503 352
504 353
505 353
496 269
497 270
498 271
499 272
500 273
501 274
502 275
503 276
504 277
505 278
506 279
496 202
497 201
498 200
499 199
500 198
501 197
502 196
503 195
504 194
505 193
506 192
507 191
508 190
503 236
504 237
505 238
506 239
507 240
508 241
508 242
508 243
508 244
508 245
508 246
508 247
508 248
508 249
495 367
496 367
497 367
498 367
499 367
500 367
501 367
502 367
503 367
504 367
505 367
506 367
507 367
508 367
497 143
498 143
499 143
500 143
501 143
502 143
503 143
504 143
505 143
506 143
507 143
508 143
509 143
497 300
498 299
499 298
500 297
501 296
502 295
503 294
504 294
505 294
506 294
507 294
508 294
509 294
501 232
502 231
503 230
504 229
505 228
506 227
507 226
508 225
509 224
510 224
498 400
499 400
500 400
501 400
502 400
503 400
504 400
505 400
506 400
507 400
508 400
509 400
510 400
497 421
498 421
499 421
500 421
501 421
502 421
503 421
504 421
505 421
506 421
507 421
508 421
509 421
510 421
498 437
499 437
500 437
501 437
502 437
503 437
504 437
505 437
506 437
507 437
508 437
509 437
510 437
503 197
504 198
505 199
506 200
507 201
508 202
509 203
510 204
511 204
502 273
503 272
504 271
505 270
506 269
507 268
508 267
509 266
510 265
511 264
512 263
513 263
502 175
503 174
504 174
505 174
506 174
507 174
508 174
509 174
510 174
511 174
512 174
513 174
514 174
515 174
503 350
504 349
505 348
506 347
507 346
508 345
509 344
510 343
511 342
512 341
513 340
514 339
515 339
503 107
504 107
505 107
506 107
507 107
508 107
509 107
510 107
511 107
512 107
513 107
514 107
515 107
516 107
504 123
505 123
506 123
507 123
508 123
509 123
510 123
511 123
512 123
513 123
514 123
515 123
516 123
509 240
510 239
511 239
512 239
513 239
514 239
515 239
516 239
517 239
506 315
507 316
508 317
509 318
510 319
511 320
512 320
513 320
514 320
515 320
516 320
517 320
509 268
510 269
511 270
512 271
513 272
514 273
515 274
516 275
517 276
518 277
519 278
510 295
511 296
512 297
513 298
514 299
515 300
516 301
517 302
518 303
519 304
510 345
511 346
512 347
513 348
514 349
515 350
516 351
517 352
518 353
519 353
512 203
513 202
514 201
515 200
516 199
517 198
518 197
519 196
520 195
521 194
522 194
511 422
512 422
513 422
514 422
515 422
516 422
517 422
518 422
519 422
520 422
521 422
522 422
523 422
511 436
512 436
513 436
514 436
515 436
516 436
517 436
518 436
519 436
520 436
521 436
522 436
523 436
524 436
518 240
519 241
520 242
521 243
522 244
523 245
524 246
525 247
526 248
527 248
517 108
518 108
519 108
520 108
521 108
522 108
523 108
524 108
525 108
526 108
527 108
528 108
529 108
517 124
518 124
519 124
520 124
521 124
522 124
523 124
524 124
525 124
526 124
527 124
528 124
529 124
517 350
518 349
519 348
520 347
521 346
522 345
523 344
524 343
525 342
526 341
527 340
528 339
529 339
521 196
522 197
523 198
524 199
525 200
526 201
527 202
528 203
529 204
530 205
520 277
521 276
522 275
523 274
524 273
525 272
526 271
527 270
528 270
529 270
530 270
520 303
521 302
522 301
523 300
524 299
525 298
526 297
527 296
528 296
529 296
530 296
524 345
525 346
526 347
527 348
528 349
529 350
530 351
531 352
532 353
533 353
525 245
526 244
527 243
528 242
529 241
530 240
531 239
532 238
533 237
534 236
535 235
536 234
524 421
525 421
526 421
527 421
528 421
529 421
530 421
531 421
532 421
533 421
534 421
535 421
536 421
526 299
527 300
528 301
529 302
530 303
531 304
532 305
533 306
534 307
535 308
536 309
537 309
525 437
526 437
527 437
528 437
529 437
530 437
531 437
532 437
533 437
534 437
535 437
536 437
537 437
528 201
529 200
530 199
531 198
532 197
533 196
534 195
535 194
536 193
537 192
538 192
531 206
532 207
533 208
534 209
535 210
536 211
537 212
538 213
538 214
538 215
538 216
538 217
538 218
537 310
538 311
538 312
538 313
538 314
538 315
538 316
538 317
538 318
538 319
538 320
538 321
538 322
538 323
511 399
512 398
513 397
514 396
515 395
516 394
517 393
518 392
519 391
520 390
521 389
522 389
523 389
524 389
525 389
526 389
527 389
528 389
529 389
530 389
531 389
532 389
533 389
534 389
535 389
536 389
537 389
538 389
528 249
529 250
530 251
531 252
532 253
533 254
534 254
535 254
536 254
537 254
538 254
539 254
530 271
531 272
532 273
533 274
534 275
535 276
536 277
537 278
538 279
539 280
516 173
517 172
518 171
519 170
520 169
521 168
522 167
523 166
524 165
525 164
526 163
527 162
528 161
529 160
530 159
531 158
532 157
533 157
534 157
535 157
536 157
537 157
538 157
539 157
540 157
530 107
531 107
532 107
533 107
534 107
535 107
536 107
537 107
538 107
539 107
540 107
541 107
542 107
530 123
531 122
532 122
533 122
534 122
535 122
536 122
537 122
538 122
539 122
540 122
541 122
542 122
530 338
531 338
532 338
533 338
534 338
535 338
536 338
537 338
538 338
539 338
540 338
541 338
542 338
533 304
534 303
535 302
536 301
537 300
538 299
539 298
540 297
541 296
542 295
543 294
544 294
538 211
539 210
540 209
541 208
542 207
543 206
544 205
545 204
546 203
534 354
535 354
536 354
537 354
538 354
539 354
540 354
541 354
542 354
543 354
544 354
545 354
546 354
537 255
538 256
539 257
540 258
541 259
542 260
543 261
544 262
545 263
546 264
547 265
537 233
538 233
539 233
540 233
541 233
542 233
543 233
544 233
545 233
546 233
547 233
548 233
549 233
537 422
538 422
539 422
540 422
541 422
542 422
543 422
544 422
545 422
546 422
547 422
548 422
549 422
541 257
542 256
543 255
544 254
545 253
546 252
547 251
548 250
549 249
550 248
551 248
541 298
542 299
543 300
544 301
545 302
546 303
547 304
548 305
549 306
550 307
551 308
539 388
540 387
541 386
542 385
543 384
544 383
545 383
546 383
547 383
548 383
549 383
550 383
551 383
538 436
539 436
540 436
541 436
542 436
543 436
544 436
545 436
546 436
547 436
548 436
549 436
550 436
551 436
543 208
544 209
545 210
546 211
547 212
548 213
549 214
550 215
551 216
552 217
539 312
540 313
541 314
542 315
543 316
544 317
545 318
546 319
547 320
548 321
549 322
550 322
551 322
552 322
543 107
544 107
545 107
546 107
547 107
548 107
549 107
550 107
551 107
552 107
553 107
554 107
555 107
556 107
552 435
553 434
554 433
555 432
556 431
557 430
558 430
559 430
560 430
561 430
562 430
563 430
564 430
557 108
558 109
559 110
560 111
561 112
562 113
563 114
564 115
565 115
566 115
567 115
551 214
552 213
553 212
554 211
555 210
556 209
557 208
558 207
559 206
560 205
561 204
562 203
563 202
564 201
565 200
566 199
567 198
568 197
569 197
547 353
548 352
549 351
550 350
551 349
552 348
553 348
554 348
555 348
556 348
557 348
558 348
559 348
560 348
561 348
562 348
563 348
564 348
565 348
566 348
567 348
568 348
569 348
570 348
548 266
549 267
550 268
551 269
552 270
553 271
554 272
555 273
556 274
557 275
558 275
559 275
560 275
561 275
562 275
563 275
564 275
565 275
566 275
567 275
568 275
569 275
570 275
571 275
543 123
544 124
545 125
546 126
547 127
548 128
549 129
550 130
551 131
552 132
553 133
554 134
555 135
556 136
557 137
558 138
559 139
560 140
561 141
562 142
563 143
564 144
565 145
566 146
567 147
568 148
569 149
570 150
571 151
572 152
573 152
574 152
561 276
562 277
563 278
564 279
565 280
566 281
567 282
568 283
569 284
570 285
571 286
572 287
573 288
574 289
574 290
574 291
574 292
574 293
574 294
574 295
574 296
574 297
574 298
574 299
574 300
574 301
574 302
574 303
574 304
574 305
574 306
574 307
574 308
574 309
574 310
574 311
574 312
574 313
574 314
574 315
574 316
574 317
574 318
574 319
574 320
574 321
574 322
574 323
574 324
574 325
574 326
574 327
574 328
574 329
574 330
574 331
552 382
553 381
554 381
555 381
556 381
557 381
558 381
559 381
560 381
561 381
562 381
563 381
564 381
565 381
566 381
567 381
568 381
569 381
570 381
571 381
572 381
573 381
574 381
565 202
566 203
567 204
568 205
569 206
570 207
571 208
572 209
573 210
574 211
575 211
575 212
575 213
575 214
575 215
575 216
575 217
575 218
575 219
575 220
575 221
575 222
575 223
575 224
575 225
575 226
575 227
575 228
575 229
575 230
575 231
575 232
575 233
575 234
575 235
575 236
575 237
575 238
575 239
575 240
575 241
575 242
575 243
575 244
575 245
575 246
575 247
575 248
575 249
575 250
575 251
575 252
575 253
565 431
566 432
567 433
568 434
569 435
570 436
571 436
572 436
573 436
574 436
575 436
576 436
568 114
569 113
570 112
571 111
572 110
573 109
574 108
575 107
576 106
577 106
573 153
574 154
575 155
576 156
577 157
577 158
577 159
577 160
577 161
577 162
577 163
577 164
577 165
577 166
564 382
565 383
566 384
567 385
568 386
569 387
570 388
571 389
572 390
573 391
574 392
575 393
576 394
577 395
566 430
567 429
568 428
569 427
570 426
571 425
572 424
573 423
574 422
575 421
576 420
577 419
578 419
570 114
571 115
572 116
573 117
574 118
575 119
576 120
577 121
578 122
579 122
569 196
570 195
571 194
572 193
573 192
574 191
575 190
576 189
577 188
578 187
579 186
579 185
579 184
579 183
579 182
567 349
568 350
569 351
570 352
571 353
572 354
573 355
574 356
575 357
576 358
577 359
578 360
579 361
569 147
570 146
571 145
572 144
573 143
574 142
575 141
576 140
577 139
578 138
579 137
580 136
577 190
578 191
579 192
580 193
581 194
582 195
583 196
572 274
573 273
574 272
575 271
576 270
577 269
578 268
579 267
580 267
581 267
582 267
583 267
574 354
575 353
576 352
577 351
578 350
579 349
580 348
581 347
582 346
583 346
576 272
577 273
578 274
579 275
580 276
581 277
582 278
583 279
584 280
585 281
586 282
578 156
579 155
580 154
581 153
582 152
583 151
584 151
585 151
586 151
587 151
575 380
576 379
577 378
578 377
579 376
580 375
581 375
582 375
583 375
584 375
585 375
586 375
587 375
578 396
579 397
580 398
581 399
582 400
583 401
584 402
585 403
586 404
587 404
577 437
578 438
579 439
580 440
581 441
582 442
583 443
584 444
585 444
586 444
587 444
575 290
576 291
577 292
578 293
579 294
580 295
581 296
582 296
583 296
584 296
585 296
586 296
587 296
588 296
575 297
576 298
577 299
578 300
579 301
580 302
581 303
582 304
583 305
584 306
585 307
586 308
587 309
588 310
575 311
576 312
577 313
578 314
579 315
580 316
581 317
582 318
583 319
584 320
585 321
586 322
587 323
588 324
576 210
577 210
578 210
579 210
580 210
581 210
582 210
583 210
584 210
585 210
586 210
587 210
588 210
589 210
576 212
577 213
578 214
579 215
580 216
581 217
582 218
583 219
584 220
585 221
586 222
587 223
588 224
589 224
576 225
577 226
578 227
579 228
580 229
581 230
582 231
583 232
584 233
585 234
586 235
587 236
588 237
589 238
576 239
577 240
578 241
579 242
580 243
581 244
582 245
583 246
584 247
585 248
586 249
587 250
588 251
589 252
578 105
579 104
580 103
581 103
582 103
583 103
584 103
585 103
586 103
587 103
588 103
589 103
590 103
579 157
580 158
581 159
582 160
583 161
584 162
585 163
586 164
587 165
588 166
589 167
590 167
579 420
580 421
581 422
582 423
583 424
584 425
585 426
586 427
587 427
588 427
589 427
590 427
582 398
583 397
584 396
585 395
586 394
587 393
588 392
589 391
590 390
591 389
580 121
581 120
582 119
583 118
584 118
585 118
586 118
587 118
588 118
589 118
590 118
591 118
592 118
581 135
582 134
583 133
584 133
585 133
586 133
587 133
588 133
589 133
590 133
591 133
592 133
593 133
581 192
582 191
583 190
584 189
585 188
586 187
587 186
588 185
589 184
590 183
591 182
592 181
593 181
582 348
583 349
584 350
585 351
586 352
587 353
588 354
589 355
590 356
591 357
592 358
593 358
584 345
585 344
586 343
587 342
588 341
589 340
590 339
591 338
592 338
593 338
594 338
595 338
588 187
589 188
590 189
591 190
592 191
593 192
594 193
595 194
596 195
597 195
590 253
591 254
592 255
593 256
594 257
595 258
596 259
597 260
597 261
597 262
597 263
597 264
597 265
588 405
589 406
590 407
591 408
592 409
593 410
594 411
595 412
596 412
597 412
598 412
587 281
588 280
589 280
590 280
591 280
592 280
593 280
594 280
595 280
596 280
597 280
598 280
599 280
589 165
590 164
591 163
592 162
593 161
594 160
595 159
596 158
597 157
598 156
599 155
600 154
601 154
589 295
590 295
591 295
592 295
593 295
594 295
595 295
596 295
597 295
598 295
599 295
600 295
601 295
591 428
592 429
593 430
594 431
595 432
596 433
597 434
598 435
599 436
600 436
601 436
589 297
590 298
591 299
592 300
593 301
594 302
595 303
596 304
597 305
598 306
599 307
600 308
601 309
602 309
589 311
590 312
591 313
592 314
593 315
594 316
595 317
596 318
597 319
598 320
599 321
600 322
601 323
602 323
590 209
591 209
592 209
593 209
594 209
595 209
596 209
597 209
598 209
599 209
600 209
601 209
602 209
603 209
590 225
591 226
592 227
593 227
594 227
595 227
596 227
597 227
598 227
599 227
600 227
601 227
602 227
603 227
592 253
593 252
594 251
595 250
596 249
597 248
598 247
599 246
600 245
601 244
602 243
603 242
592 388
593 387
594 387
595 387
596 387
597 387
598 387
599 387
600 387
601 387
602 387
603 387
604 387
596 339
597 340
598 341
599 342
600 343
601 344
602 344
603 344
604 344
605 344
606 344
607 344
600 279
601 278
602 277
603 276
604 275
605 274
606 273
607 272
608 271
609 270
610 269
611 268
602 155
603 155
604 155
605 155
606 155
607 155
608 155
609 155
610 155
611 155
612 155
613 155
614 155
604 208
605 207
606 206
607 205
608 204
609 203
610 203
611 203
612 203
613 203
614 203
615 203
603 308
604 307
605 306
606 306
607 306
608 306
609 306
610 306
611 306
612 306
613 306
614 306
615 306
604 228
605 229
606 230
607 231
608 232
609 233
610 234
611 234
612 234
613 234
614 234
615 234
616 234
617 234
605 386
606 386
607 386
608 386
609 386
610 386
611 386
612 386
613 386
614 386
615 386
616 386
617 386
608 343
609 342
610 341
611 341
612 341
613 341
614 341
615 341
616 341
617 341
618 341
619 341
620 341
601 153
602 152
603 151
604 150
605 149
606 148
607 147
608 146
609 145
610 144
611 143
612 142
613 141
614 140
615 139
616 138
617 137
618 136
619 135
620 134
621 133
612 269
613 270
614 271
615 272
616 273
617 274
618 275
619 276
620 277
621 277
610 387
611 388
612 389
613 390
614 391
615 392
616 393
617 394
618 395
619 396
620 397
621 398
622 399
610 156
611 157
612 158
613 159
614 160
615 161
616 162
617 163
618 164
619 165
620 166
621 167
622 168
623 169
623 400
623 401
623 402
623 403
623 404
623 405
623 406
623 407
623 408
623 409
623 410
623 411
623 412
623 413
623 414
609 385
610 384
611 383
612 382
613 381
614 380
615 379
616 378
617 377
618 376
619 375
620 374
621 373
622 372
623 371
624 370
625 369
617 139
618 140
619 141
620 142
621 143
622 144
623 145
624 146
625 147
626 148
616 202
617 201
618 200
619 199
620 198
621 197
622 196
623 195
624 194
625 193
626 192
627 191
615 342
616 343
617 344
618 345
619 346
620 347
621 348
622 349
623 350
624 351
625 352
626 353
627 354
621 375
622 376
623 377
624 378
625 379
626 380
627 381
628 382
629 383
630 384
626 146
627 145
628 144
629 143
630 142
631 141
632 140
633 139
634 138
635 137
636 137
627 149
628 150
629 151
630 152
631 153
632 154
633 155
634 156
635 157
636 158
636 159
624 399
625 398
626 398
627 398
628 398
629 398
630 398
631 398
632 398
633 398
634 398
635 398
636 398
632 397
633 396
634 395
635 394
636 393
637 392
638 391
639 390
640 389
641 388
642 387
643 386
644 385
18 209
21 339
28 176
29 176
49 208
48 207
34 312
35 313
36 314
37 315
38 316
39 317
40 318
41 319
42 320
43 321
44 322
45 323
46 324
47 325
48 326
71 208
70 207
69 206
68 205
67 204
66 203
65 202
64 201
63 200
62 199
49 327
50 328
51 329
52 330
53 331
54 332
55 333
56 334
57 335
58 336
59 337
60 337
61 337
62 337
108 360
109 359
110 358
111 358
112 358
113 358
114 358
115 358
116 358
117 358
118 358
119 358
117 407
118 408
119 409
120 410
121 411
122 412
123 413
124 414
125 415
126 416
127 417
128 418
129 419
129 420
129 421
129 422
129 423
129 424
129 425
129 426
129 427
129 428
127 145
128 146
129 147
130 148
131 149
132 150
133 151
134 152
157 179
158 180
159 181
160 182
161 183
162 183
163 183
164 183
222 395
221 394
220 393
219 392
218 391
217 390
216 389
215 388
214 387
213 386
212 385
211 384
210 383
209 382
246 391
247 392
248 393
249 394
250 395
251 396
252 397
253 397
274 392
275 393
276 394
277 395
278 396
279 397
280 398
277 196
278 195
279 194
280 193
281 192
281 191
281 190
281 189
281 188
281 187
281 186
281 185
281 184
281 183
281 182
281 181
276 428
277 429
278 430
279 431
280 432
281 433
282 434
283 435
284 435
300 338
301 339
302 340
302 341
302 342
302 343
302 344
302 345
302 346
302 347
302 348
302 349
302 350
302 351
302 352
302 353
302 354
302 355
302 356
302 357
302 358
302 359
302 360
302 361
302 362
302 363
302 364
302 365
302 366
302 367
302 368
282 384
283 385
284 386
285 387
286 388
287 389
288 390
289 391
290 392
291 393
292 394
293 395
294 395
295 395
296 395
297 395
298 395
299 395
300 395
301 395
302 395
304 85
305 86
306 87
307 88
308 89
309 90
310 91
311 92
317 57
316 58
315 59
314 60
313 61
312 62
312 63
362 74
363 75
364 76
365 77
366 78
367 79
368 80
369 81
376 482
375 481
374 480
373 479
367 59
368 60
369 61
370 62
371 63
372 64
373 65
374 66
375 66
370 396
371 397
372 398
373 399
374 400
375 401
376 402
377 403
378 404
384 321
385 322
386 323
387 324
388 325
389 326
390 327
391 328
392 329
395 366
396 366
397 366
398 366
399 366
400 366
401 366
402 366
403 366
404 366
405 366
406 366
396 83
397 84
398 85
399 86
400 87
401 88
402 89
403 90
404 91
405 92
406 93
407 94
404 253
405 254
406 255
407 256
408 257
409 258
410 259
411 260
412 261
413 262
433 164
434 163
435 162
436 161
437 160
438 159
439 158
440 157
441 158
442 159
443 160
444 160
445 160
446 160
447 160
448 160
449 160
450 160
451 160
452 160
453 160
454 160
455 160
520 388
519 387
518 386
517 385
516 384
515 383
514 382
514 381
533 158
534 159
535 160
536 161
537 162
538 163
539 164
540 165
541 166
542 167
543 168
544 169
545 170
539 191
540 190
541 190
542 190
543 190
544 190
545 190
546 190
547 190
548 190
549 190
550 190
555 275
554 276
553 277
552 278
551 279
564 146
563 147
562 148
561 149
560 150
559 151
558 152
557 153
556 154
555 155
555 156
553 347
554 346
555 345
555 344
555 343
555 342
555 341
592 117
593 116
594 115
595 114
596 113
597 112
598 111
599 110
600 109
601 108
602 107
609 307
610 308
611 309
612 310
613 311
614 312
615 313
616 314
617 315
618 316
619 317
620 318
621 319
622 320
613 235
614 236
615 237
616 238
617 239
618 240
619 241
620 242
621 243
622 244
623 245
624 246
615 270
616 269
617 268
618 267
619 266
620 265
621 264
622 263
623 262
624 261
620 200
621 201
622 202
623 203
624 204
625 205
626 206
616 305
617 304
618 303
619 302
620 302
621 302
622 302
623 302
624 302
625 302
626 302
625 400
626 401
627 402
628 403
629 404
630 405
631 406
632 407
633 408
634 409
635 410
636 411
637 411
20 339
34 208
33 207
28 318
29 319
30 320
31 321
32 322
33 323
33 324
41 159
40 158
39 157
38 156
37 155
59 145
60 146
61 147
62 148
63 149
64 150
65 151
66 151
54 391
55 391
56 391
57 391
58 391
59 391
60 391
61 391
62 391
63 391
64 391
65 391
66 391
55 392
56 393
57 394
58 395
59 396
60 397
61 398
62 399
63 400
64 401
65 402
66 403
67 404
60 336
61 335
62 334
63 333
64 332
65 331
66 330
67 329
68 328
69 327
70 326
71 325
72 324
66 332
67 333
68 334
69 335
70 336
71 337
72 338
73 338
97 389
96 390
95 391
94 392
93 393
92 394
91 395
90 396
89 397
88 398
87 399
86 400
85 401
81 299
82 298
83 297
84 296
85 295
86 294
87 293
88 292
89 291
106 428
107 429
108 430
109 431
110 432
111 433
112 434
113 435
114 436
115 437
116 438
117 439
127 208
126 207
125 206
124 205
123 204
122 203
137 227
136 228
135 229
134 230
133 231
132 232
132 233
130 420
131 421
132 422
133 423
134 424
135 425
136 426
137 427
138 428
139 428
140 428
162 210
172 316
171 317
170 318
169 319
168 320
167 321
166 322
165 323
164 324
163 325
172 148
171 149
170 150
169 151
168 152
167 153
166 154
165 155
165 156
181 396
182 396
183 396
184 396
185 396
186 396
187 396
188 396
189 396
190 396
191 396
183 190
184 189
185 188
186 187
187 186
188 185
189 184
190 183
191 182
192 181
193 180
182 142
183 142
184 142
185 142
186 142
187 142
188 142
189 142
190 142
191 142
192 142
193 142
194 142
195 142
196 142
197 142
198 142
199 142
200 142
201 142
202 142
203 142
204 142
205 142
206 142
207 142
208 142
209 142
210 142
211 142
212 142
213 142
214 142
215 142
216 142
217 142
218 142
219 142
220 142
216 387
217 386
218 385
219 384
220 383
221 142
222 142
223 142
224 142
225 142
226 142
227 142
228 142
229 142
230 142
231 142
232 142
234 193
233 192
233 191
233 190
233 189
233 188
233 187
233 186
233 185
233 184
233 183
233 182
233 181
233 180
254 190
253 189
252 188
251 187
250 186
249 185
248 184
247 183
246 182
245 181
244 180
264 149
263 148
262 147
261 146
260 145
259 144
258 143
257 142
270 351
269 352
268 353
267 354
266 355
265 356
264 357
263 358
263 359
273 160
274 161
275 162
276 162
277 162
278 162
279 162
280 162
280 359
280 360
280 361
280 362
280 363
280 364
280 365
280 366
280 367
284 119
283 120
282 121
281 122
273 327
274 326
275 325
276 324
277 323
278 323
279 323
280 323
281 323
274 143
275 143
276 143
277 143
278 143
279 143
280 143
281 143
282 143
360 33
359 32
358 31
357 30
356 29
355 28
354 27
353 26
352 25
352 24
352 23
363 494
364 495
365 496
366 497
367 498
368 499
369 500
370 501
399 179
400 178
401 177
402 176
403 175
404 174
405 173
406 172
407 172
402 455
403 454
404 453
405 452
406 451
407 450
408 449
406 477
407 477
408 477
409 477
410 477
411 477
412 477
413 477
414 477
415 477
434 165
435 166
436 167
437 168
438 169
439 170
440 171
441 172
461 135
460 136
459 137
458 138
457 139
456 140
455 141
454 142
442 386
443 385
444 384
445 383
446 383
447 383
448 383
449 383
450 383
451 383
452 383
453 383
454 383
462 406
461 405
460 404
459 403
458 402
457 401
456 400
455 399
454 398
454 397
456 159
457 158
458 157
459 156
460 156
461 156
462 156
463 156
464 156
465 156
466 156
463 288
464 287
465 286
466 285
467 285
468 285
469 285
470 285
471 285
472 285
476 144
477 145
478 146
479 147
480 148
481 149
482 150
483 151
484 152
485 153
486 154
487 155
488 156
489 157
479 368
480 369
481 370
482 371
483 372
484 373
485 374
486 375
487 376
488 377
489 378
489 379
489 380
489 381
490 157
491 157
492 157
493 157
494 157
495 157
496 157
497 157
498 157
499 157
500 157
521 166
520 165
519 164
518 163
517 162
516 161
515 160
514 159
513 158
512 157
511 224
512 224
513 224
514 224
515 224
516 224
517 224
518 224
519 224
520 224
530 157
529 156
528 155
527 154
526 153
525 152
524 151
549 131
548 132
547 133
546 134
545 135
544 136
544 137
538 390
539 391
540 392
541 393
542 394
543 395
544 396
545 397
546 398
547 125
548 124
549 123
550 122
551 121
552 121
588 374
589 373
590 372
591 372
592 372
593 372
594 372
595 372
596 372
611 233
612 232
613 231
614 230
615 229
616 228
617 227
618 226
619 225
620 224
621 223
622 222
623 221
637 157
638 156
639 155
640 154
641 153
642 152
643 151
644 150
33 341
34 340
35 339
28 363
29 362
30 362
58 143
67 202
68 201
69 200
70 199
71 198
71 197
72 210
71 211
71 224
72 225
64 231
65 232
66 233
67 234
68 235
69 236
70 237
71 238
72 239
68 258
69 257
70 256
71 255
72 254
72 253
74 268
73 268
93 327
92 328
91 329
90 330
89 331
88 332
87 333
86 334
85 335
84 336
84 337
87 160
87 161
87 162
87 163
87 164
87 165
87 166
87 167
93 381
94 380
95 379
96 378
97 377
98 376
99 375
100 374
101 373
102 373
106 411
107 412
108 413
109 414
110 415
111 416
112 417
128 207
129 206
130 205
131 204
132 203
139 352
138 353
137 354
136 355
135 356
134 357
133 358
133 359
131 287
132 288
133 289
134 290
135 291
136 292
155 241
156 240
157 239
158 238
159 238
160 238
161 238
162 238
194 181
195 181
196 181
197 181
198 181
199 181
200 181
201 181
202 181
203 181
191 358
192 358
193 358
194 358
195 358
196 358
197 358
198 358
199 358
200 358
201 358
202 358
203 358
232 191
231 190
230 189
229 188
228 187
227 186
226 185
225 184
224 183
223 182
222 181
221 181
842
19 209
20 182
20 324
22 359
42 352
42 384
46 183
50 149
53 392
54 358
59 234
59 252
59 285
59 306
60 183
67 359
71 137
74 183
80 358
86 143
86 159
87 377
88 183
90 221
90 252
90 266
90 280
90 310
91 234
91 323
93 361
100 202
100 390
101 152
101 184
102 342
103 281
104 221
104 256
104 310
105 166
105 324
105 427
106 108
106 234
107 361
112 121
112 144
112 270
114 183
115 287
117 159
117 342
118 220
118 310
119 102
119 257
120 323
121 233
123 129
123 406
125 272
126 144
127 113
127 184
128 167
128 288
131 251
131 342
131 375
131 389
132 220
132 310
135 323
137 266
140 281
142 107
142 121
144 202
146 310
147 228
147 349
148 186
148 364
150 261
151 378
151 392
152 213
152 324
153 276
153 291
154 146
154 242
155 122
155 160
156 107
156 175
156 339
156 420
156 434
158 197
159 306
161 225
161 353
162 368
163 256
163 398
165 382
166 271
167 285
168 123
168 142
169 108
169 435
170 421
171 313
176 224
177 255
177 362
179 270
179 294
179 345
180 237
180 382
180 396
181 124
181 142
181 199
181 322
182 107
182 156
182 180
183 422
184 435
185 214
185 307
189 279
190 251
190 336
190 359
191 229
193 294
194 119
194 162
194 193
194 264
194 382
195 319
196 421
197 208
198 435
200 107
201 344
202 237
202 304
203 276
204 222
204 252
205 328
207 122
207 159
208 197
208 289
210 421
212 313
212 435
213 212
213 266
214 107
214 343
216 230
217 244
218 298
219 281
219 327
220 123
220 160
221 196
224 421
225 258
226 211
226 311
226 435
227 108
227 342
229 226
230 241
230 273
231 293
232 326
233 124
233 159
235 194
236 383
237 354
238 256
238 367
238 422
239 209
239 307
239 397
240 107
241 338
241 435
242 224
243 239
243 271
243 286
245 322
246 122
246 160
249 197
251 254
251 301
252 383
252 422
253 212
253 344
254 107
256 226
256 269
256 435
257 283
257 316
258 239
259 123
259 158
259 330
260 180
262 195
264 298
265 253
266 210
266 345
266 422
267 108
267 383
269 268
269 397
270 224
270 313
271 282
271 435
272 124
272 159
272 238
272 328
273 142
276 197
277 297
279 252
279 343
279 358
280 107
280 212
280 422
281 383
282 267
285 55
285 227
285 281
285 308
287 70
288 242
292 293
292 476
292 490
293 257
297 49
297 84
297 271
298 201
298 309
299 132
299 146
299 160
299 174
299 215
299 230
299 323
299 337
300 63
300 99
300 113
301 451
302 245
302 420
304 188
304 285
305 491
306 476
308 258
308 300
309 78
311 49
312 271
312 429
313 112
313 142
313 232
313 457
316 311
317 246
318 285
319 325
319 339
320 166
321 180
321 202
321 216
322 418
323 260
324 299
326 113
326 143
326 231
327 275
328 364
328 483
329 56
330 314
330 394
330 429
331 245
332 125
332 340
332 501
334 39
334 166
334 181
334 290
335 69
335 202
335 216
336 375
336 468
337 259
338 325
338 418
339 142
340 112
340 230
340 274
340 305
341 484
342 54
343 80
343 362
345 244
345 341
345 499
346 429
347 37
347 124
347 182
347 289
347 458
348 167
349 202
349 217
350 65
350 376
351 148
351 258
351 315
351 472
352 390
352 404
353 273
353 330
354 88
354 105
354 232
355 300
355 419
355 487
355 508
356 49
356 361
360 120
360 183
360 246
360 457
361 34
361 73
361 168
361 431
362 283
362 340
363 204
363 219
364 374
365 260
365 312
365 471
366 58
367 493
368 325
369 231
369 296
370 360
370 419
371 43
371 395
372 113
373 143
373 184
373 274
374 245
377 209
377 335
378 125
378 430
379 259
379 307
379 370
381 224
381 288
383 175
383 320
384 356
385 149
386 239
387 114
387 189
387 272
387 420
390 58
390 481
392 253
392 299
392 435
394 222
394 365
394 449
395 72
395 86
395 101
395 125
395 314
396 282
397 143
397 350
398 180
399 195
399 237
400 267
401 421
401 490
402 50
403 459
405 110
405 252
405 297
405 477
406 435
407 65
408 342
409 79
409 149
409 204
410 279
414 492
415 422
416 46
416 218
417 326
418 107
419 350
419 437
420 61
421 197
423 231
424 312
426 150
427 117
427 335
428 212
428 245
428 388
429 293
429 402
429 421
431 164
431 259
431 372
432 178
432 273
432 351
432 436
434 193
435 320
436 107
436 226
438 125
438 142
438 304
440 336
441 207
441 241
441 387
442 285
442 403
442 420
443 362
445 268
445 435
448 193
448 347
449 108
451 123
451 299
453 247
456 204
456 420
457 274
458 436
459 224
459 312
459 339
462 107
462 259
462 289
463 192
463 352
464 122
464 239
465 177
466 367
469 321
469 421
470 142
470 205
470 303
471 271
471 399
471 437
473 224
473 339
475 249
476 107
477 123
477 185
477 353
480 367
482 234
482 297
482 312
482 420
483 143
483 199
484 268
484 400
484 435
487 176
487 339
489 108
490 124
490 245
491 224
491 353
492 321
493 278
494 191
494 367
496 142
496 301
496 421
497 205
497 401
497 436
499 264
501 176
501 339
502 107
502 235
503 122
505 314
505 353
506 279
508 190
508 249
508 367
509 143
509 294
510 224
510 400
510 421
510 437
511 204
513 263
515 174
515 339
516 107
516 123
517 239
517 320
519 278
519 304
519 353
522 194
523 422
524 436
527 248
529 108
529 124
529 339
530 205
530 270
530 296
533 353
536 234
536 421
537 309
537 437
538 192
538 218
538 323
538 389
539 254
539 280
540 157
542 107
542 122
542 338
544 294
546 203
546 354
547 265
549 233
549 422
551 248
551 308
551 383
551 436
552 217
552 322
556 107
564 430
567 115
569 197
570 348
571 275
574 152
574 289
574 303
574 317
574 331
574 381
575 211
575 225
575 239
575 253
576 436
577 106
577 166
577 395
578 419
579 122
579 182
579 361
580 136
583 196
583 267
583 346
586 282
587 151
587 375
587 404
587 444
588 296
588 310
588 324
589 210
589 224
589 238
589 252
590 103
590 167
590 427
591 389
592 118
593 133
593 181
593 358
595 338
597 195
597 265
598 412
599 280
601 154
601 295
601 436
602 309
602 323
603 209
603 227
603 242
604 387
607 344
611 268
614 155
615 203
615 306
617 234
617 386
620 341
621 133
621 277
622 399
623 169
623 414
625 369
626 148
627 191
627 354
630 384
636 137
636 159
636 398
644 385
18 209
21 339
29 176
48 207
48 326
62 199
62 337
119 358
129 428
134 152
164 183
209 382
253 397
280 398
281 181
284 435
302 351
302 368
302 395
311 92
312 63
369 81
373 479
375 66
378 404
392 329
406 366
407 94
413 262
440 157
455 160
514 381
545 170
550 190
551 279
555 156
555 341
602 107
622 320
624 246
624 261
626 206
626 302
637 411
20 339
33 207
33 324
37 155
66 151
66 391
67 404
72 324
73 338
85 401
89 291
117 439
122 203
132 233
140 428
162 210
163 325
165 156
191 396
193 180
195 142
207 142
220 142
220 383
232 142
233 180
244 180
257 142
263 359
280 162
280 367
281 122
281 323
282 143
352 23
370 501
407 172
408 449
415 477
441 172
454 142
454 383
454 397
466 156
472 285
489 157
489 381
500 157
512 157
520 224
524 151
544 137
546 398
552 121
596 372
623 221
644 150
35 339
30 362
58 143
71 197
71 211
72 225
72 239
72 253
73 268
84 337
87 167
102 373
112 417
132 203
133 359
136 292
162 238
203 181
203 358
221 181
