3060
278 203
277 203
276 203
275 203
274 203
273 203
272 203
271 203
270 203
269 203
268 203
267 203
266 203
265 203
264 203
263 203
262 203
261 203
260 203
259 203
258 203
257 203
256 203
255 203
254 203
253 203
252 203
251 203
250 203
249 203
248 203
247 203
246 203
245 203
244 203
243 203
242 203
241 203
240 203
239 203
238 203
237 203
236 203
235 203
234 203
233 203
232 203
231 203
230 203
229 203
228 203
227 203
226 203
225 203
224 203
223 203
222 203
221 203
220 203
219 203
218 203
217 203
216 203
215 203
214 203
213 203
212 203
211 203
210 203
209 203
208 203
207 203
206 203
205 203
204 203
203 203
202 203
201 203
200 203
199 203
198 203
197 203
196 203
195 203
194 203
193 203
192 203
191 203
190 203
189 203
188 203
187 203
186 203
185 203
184 203
183 203
182 203
181 203
180 203
179 203
178 203
177 203
176 203
175 203
174 203
173 203
172 203
171 203
170 203
169 203
168 203
167 203
166 203
165 203
164 203
163 203
162 203
161 203
160 203
159 203
158 203
157 203
156 203
155 203
154 203
153 203
152 203
151 203
150 203
149 203
148 203
147 203
146 203
145 203
144 203
143 203
142 203
141 203
140 203
139 203
138 203
137 203
136 203
135 203
134 203
133 203
132 203
131 203
130 203
129 203
128 203
127 203
126 203
125 203
124 203
123 203
122 203
121 203
120 203
119 203
118 203
117 203
116 203
115 203
114 203
113 203
112 203
111 203
110 203
109 203
108 203
107 203
106 203
105 203
104 203
103 203
102 203
101 203
100 203
99 203
98 203
97 203
96 203
95 203
94 203
93 203
92 203
91 203
90 203
89 203
88 203
87 203
86 203
85 203
84 203
83 203
82 203
81 203
80 203
79 203
78 203
77 203
76 203
75 203
74 203
73 203
72 203
71 203
70 203
69 203
68 203
67 203
66 203
65 203
64 203
63 203
62 203
61 203
60 203
59 203
58 203
57 203
56 203
55 203
54 203
53 203
52 203
51 203
50 203
49 203
48 203
47 203
46 203
45 203
44 203
43 203
42 203
41 203
40 203
39 203
38 203
37 203
36 203
35 203
34 203
33 203
32 203
31 203
30 203
29 203
28 203
52 204
51 205
50 206
49 207
48 208
47 209
46 210
45 211
44 212
43 213
42 214
41 215
40 216
39 217
38 218
37 219
36 220
35 221
34 222
33 223
32 224
31 225
30 226
29 227
28 228
110 202
109 201
108 200
107 199
106 198
105 197
104 196
103 195
102 194
101 193
100 192
99 191
98 190
97 189
96 188
95 187
94 186
93 185
92 184
91 183
90 182
89 181
88 180
87 179
86 178
85 177
84 176
83 175
82 174
81 173
80 172
79 171
78 170
77 169
76 168
75 167
74 166
73 165
72 164
71 163
70 162
69 161
68 160
67 159
66 158
65 157
64 156
63 155
62 154
61 153
60 152
59 151
58 150
57 149
56 148
55 147
54 146
53 145
52 144
51 143
50 142
49 141
48 140
47 139
46 138
45 137
44 136
43 135
42 134
41 133
40 132
39 131
38 130
37 129
36 128
35 127
34 126
33 125
32 124
31 123
30 122
29 121
30 120
30 119
30 118
30 117
30 116
30 115
30 114
30 113
30 112
30 111
30 110
30 109
30 108
30 107
30 106
30 105
30 104
30 103
30 102
30 101
30 100
30 99
30 98
30 97
30 96
30 95
30 94
30 93
30 92
30 91
30 90
30 89
30 88
30 87
30 86
30 85
30 84
30 83
30 82
30 81
30 80
30 79
30 78
30 77
30 76
30 75
30 74
30 73
30 72
30 71
30 70
30 69
30 68
30 67
30 66
30 65
30 64
30 63
30 62
44 214
45 215
46 216
47 217
48 218
49 219
50 220
51 221
52 222
53 223
54 224
55 225
56 226
57 227
58 228
59 229
60 230
61 231
61 232
63 202
86 180
85 181
84 182
83 183
82 184
81 185
80 186
79 187
78 188
104 204
103 205
102 206
101 207
100 208
99 209
98 210
97 211
96 212
95 213
94 214
93 215
92 216
91 217
90 218
89 219
88 220
89 221
90 222
91 223
92 224
93 225
94 226
94 227
94 228
94 229
94 230
94 231
94 232
94 233
94 234
94 235
94 236
94 237
94 238
94 239
94 240
104 198
103 199
102 199
50 140
51 139
52 138
53 137
54 136
55 135
56 134
57 133
58 132
59 131
60 130
61 129
62 128
63 127
64 126
65 125
66 124
67 123
68 122
69 121
70 120
71 119
72 118
73 117
74 116
75 115
76 114
77 113
78 112
79 111
80 110
81 109
82 108
83 107
84 106
85 105
86 104
87 103
88 102
89 101
90 100
91 99
92 98
93 97
94 96
95 95
96 94
97 93
98 92
99 91
100 90
101 89
102 88
103 87
104 86
105 85
105 84
100 210
101 211
102 212
103 213
104 214
105 215
106 216
107 217
108 218
108 219
143 204
142 205
141 206
140 207
139 208
138 209
137 210
136 211
135 212
134 213
133 214
132 215
131 216
130 217
129 218
128 219
129 220
130 221
131 222
132 223
132 224
132 225
132 226
132 227
132 228
132 229
132 230
132 231
132 232
132 233
132 234
132 235
132 236
132 237
132 238
132 239
132 240
132 241
132 242
148 202
147 201
146 200
145 199
144 198
143 197
142 196
141 195
106 86
107 87
108 88
109 89
110 89
111 89
112 89
113 89
114 89
115 89
116 89
117 89
118 89
119 89
120 89
121 89
122 89
123 89
124 89
125 89
126 89
127 89
128 89
129 89
130 89
131 89
132 89
133 89
134 89
135 89
136 89
137 89
138 89
139 89
140 89
141 89
142 89
143 206
144 207
145 208
146 209
147 210
148 211
149 212
150 213
151 214
152 215
153 216
154 217
155 218
156 219
157 220
158 221
143 88
144 87
145 86
146 85
147 84
148 83
149 82
150 81
151 80
152 79
153 78
154 78
155 78
156 78
157 78
158 78
159 78
160 78
161 78
162 78
163 78
164 78
165 78
166 78
167 78
168 78
169 78
170 78
174 202
173 201
172 200
171 199
133 243
134 244
135 245
136 246
137 247
138 248
139 249
140 250
141 251
142 252
143 253
144 254
145 255
146 256
147 257
148 258
149 259
150 260
151 261
152 262
153 263
154 264
155 265
156 266
157 267
158 268
159 269
160 270
161 271
162 272
163 273
164 274
165 275
166 276
167 277
168 278
169 279
170 280
171 281
172 282
172 283
172 284
172 285
172 286
172 287
172 288
172 289
172 290
172 291
172 292
172 293
172 294
172 295
172 296
172 297
172 298
172 299
172 300
172 301
172 302
172 303
172 304
172 305
172 306
172 307
172 308
172 309
172 310
172 311
172 312
172 313
172 314
172 315
172 316
172 317
172 318
172 319
172 320
172 321
172 322
172 323
172 324
172 325
172 326
172 327
172 328
172 329
172 330
172 331
172 332
172 333
172 334
172 335
193 204
192 205
191 206
190 207
189 208
188 209
187 210
186 211
185 212
184 213
183 214
182 215
181 216
180 217
179 218
178 219
177 220
165 79
166 80
167 81
168 82
169 83
170 84
171 85
172 86
173 87
174 88
175 89
176 90
177 91
178 92
179 93
180 94
181 95
173 307
174 308
175 309
176 310
177 311
178 312
179 313
180 314
181 315
182 316
183 317
184 318
185 319
164 272
165 271
166 270
167 269
168 268
169 267
170 266
171 265
172 264
173 263
174 262
175 261
176 260
177 259
178 258
179 257
180 256
181 255
182 254
183 253
184 252
185 251
186 250
187 249
188 248
189 248
173 326
174 327
175 328
176 329
177 330
178 331
179 332
180 333
181 334
182 335
183 336
184 337
185 338
186 339
187 340
188 341
189 342
190 343
193 202
192 201
191 200
187 212
188 213
189 214
190 215
191 216
192 217
193 218
194 219
195 220
196 221
182 94
183 93
184 92
185 91
186 90
187 89
188 88
189 87
190 86
191 85
192 84
193 83
194 82
195 82
196 82
197 82
198 82
199 82
200 82
201 82
202 82
203 82
204 82
211 202
197 222
198 223
199 224
200 225
201 226
202 227
203 228
204 229
205 229
206 229
207 229
208 229
209 229
210 229
211 229
212 229
213 229
214 229
199 83
200 84
201 85
202 86
203 87
204 88
205 89
206 90
207 91
208 92
209 93
210 94
211 95
212 96
213 97
214 98
215 99
191 344
192 345
193 346
194 347
195 347
196 347
197 347
198 347
199 347
200 347
201 347
202 347
203 347
204 347
205 347
206 347
207 347
208 347
209 347
210 347
211 347
212 347
213 347
214 347
215 347
216 347
217 347
218 347
202 346
203 345
204 344
205 343
206 342
207 341
208 340
209 339
210 338
211 337
212 336
213 335
214 334
215 333
216 332
217 331
218 330
219 329
220 328
221 327
222 326
205 230
206 231
207 232
208 233
209 234
210 235
211 236
212 237
213 238
214 239
215 240
216 241
217 242
218 243
219 244
220 245
221 246
222 247
223 248
224 249
224 250
224 251
224 252
231 204
230 205
218 241
219 240
220 239
221 238
222 237
223 236
224 235
225 234
226 233
227 232
228 231
229 230
230 229
231 228
232 227
233 226
223 327
224 328
225 329
226 330
227 331
228 332
229 333
230 334
231 335
232 336
233 337
234 337
235 337
236 337
237 337
238 337
239 337
216 98
217 97
218 96
219 95
220 94
221 93
222 92
223 91
224 90
225 89
226 88
227 87
228 87
229 87
230 87
231 87
232 87
233 87
234 87
235 87
236 87
237 87
238 87
239 87
240 87
241 87
242 87
243 87
244 87
245 87
246 87
231 333
232 332
233 331
234 330
235 329
236 328
237 327
238 326
239 325
240 324
241 323
242 322
243 321
244 320
245 319
246 318
247 317
248 317
228 233
229 234
230 235
231 236
232 237
233 238
234 239
235 240
236 241
237 242
238 243
239 244
240 245
241 246
242 247
243 248
244 249
245 250
246 251
247 252
248 253
249 254
250 255
251 256
252 256
253 256
254 256
255 256
256 256
257 256
258 256
259 256
260 256
261 256
262 256
263 256
264 256
265 256
266 256
267 256
268 256
269 256
270 256
271 256
272 256
273 256
274 256
275 256
276 256
277 256
278 256
279 256
280 256
281 256
282 256
283 256
284 256
285 256
286 256
280 201
281 200
282 199
283 198
284 197
285 196
286 195
287 194
288 193
289 192
290 191
291 190
292 189
293 188
294 187
295 186
296 185
297 184
298 183
299 182
300 181
301 180
301 179
301 178
301 177
301 176
301 175
301 174
301 173
301 172
301 171
301 170
301 169
301 168
301 167
301 166
301 165
301 164
301 163
301 162
301 161
301 160
301 159
249 318
250 319
251 320
252 321
253 322
254 323
255 324
256 325
257 326
258 327
259 328
260 329
261 330
262 331
263 332
264 333
265 334
266 335
267 336
268 337
269 338
270 339
271 340
272 341
273 342
274 343
275 344
276 345
277 346
278 347
279 348
280 349
281 350
282 351
283 352
284 353
285 354
286 355
287 356
288 357
289 358
290 359
291 360
292 361
293 362
294 363
295 363
296 363
297 363
298 363
299 363
300 363
301 363
302 363
303 363
292 359
293 358
294 357
295 356
296 355
297 354
298 353
299 352
300 351
301 350
302 349
303 348
304 347
305 346
306 345
307 344
308 343
309 342
310 341
311 341
311 340
312 339
313 338
314 337
315 336
316 335
316 334
316 333
316 332
316 331
316 330
316 329
316 328
316 327
316 326
316 325
316 324
316 323
316 322
316 321
316 320
317 319
318 318
319 317
320 316
320 315
320 314
320 313
320 312
320 311
320 310
320 309
320 308
320 307
320 306
320 305
320 304
320 303
320 302
320 301
320 300
320 299
320 298
320 297
320 296
320 295
320 294
320 293
320 292
320 291
320 290
287 255
288 254
289 253
290 252
291 251
292 250
293 249
294 248
295 247
296 246
297 245
298 244
299 243
300 242
301 241
302 240
303 239
304 238
305 238
306 238
307 238
308 238
309 238
310 238
311 238
312 238
313 238
314 238
315 238
316 238
317 238
318 238
319 238
320 238
321 238
305 237
306 236
307 235
308 234
309 233
310 232
311 231
312 230
313 229
314 228
315 227
316 226
317 225
318 224
319 223
320 222
321 221
322 220
323 219
324 218
324 217
324 216
324 215
324 214
324 213
302 179
303 178
304 177
305 176
306 175
307 174
308 173
309 172
310 171
311 170
312 169
313 168
314 167
315 166
316 165
317 164
318 163
319 163
320 163
321 163
322 163
323 163
324 163
325 163
326 163
313 170
314 171
315 172
316 173
317 174
318 175
319 176
320 177
321 178
322 179
323 180
324 181
325 182
326 183
319 162
320 161
321 160
322 159
323 158
324 157
325 156
326 155
327 154
327 153
327 152
327 151
327 150
327 149
327 148
327 147
327 146
327 145
327 144
327 143
327 142
327 141
328 140
329 139
329 138
329 137
329 136
329 135
329 134
329 133
329 132
329 131
329 130
329 129
329 128
329 127
329 126
329 125
329 124
329 123
329 122
329 121
329 120
329 119
329 118
329 117
330 116
331 115
332 114
332 113
332 112
332 111
332 110
332 109
332 108
332 107
332 106
332 105
332 104
332 103
332 102
332 101
332 100
332 99
332 98
332 97
325 219
326 220
327 221
328 221
329 221
330 221
331 221
332 221
333 221
334 221
335 221
336 221
337 221
338 221
339 221
340 221
341 221
342 221
328 155
329 156
330 157
331 158
332 159
333 160
334 161
335 161
336 161
337 161
338 161
339 161
340 161
341 161
342 161
343 161
344 161
345 161
327 184
328 184
329 184
330 184
331 184
332 184
333 184
334 184
335 184
336 184
337 184
338 184
339 184
340 184
341 184
342 184
343 184
344 184
345 184
333 115
334 116
335 117
336 118
337 118
338 118
339 118
340 118
341 118
342 118
343 118
344 118
345 118
346 118
347 118
348 118
332 157
333 156
334 155
335 154
336 153
337 152
338 151
339 150
340 149
341 148
342 147
343 146
344 145
345 144
346 143
347 142
348 142
336 116
337 115
338 114
339 113
340 112
341 111
342 110
343 109
344 108
345 107
346 106
347 105
348 104
349 103
350 102
351 101
352 100
353 99
343 222
344 223
345 224
346 225
347 226
348 227
349 228
350 229
351 230
352 231
353 232
354 233
355 234
356 235
357 236
358 237
359 238
360 239
361 240
362 241
363 242
364 243
365 244
366 245
367 246
368 247
369 248
370 249
371 250
372 251
373 252
374 253
375 254
376 255
377 256
378 257
379 258
380 259
381 260
382 261
383 262
384 263
385 264
386 265
387 266
388 267
389 268
390 269
391 270
392 270
393 270
394 270
395 270
396 270
397 270
398 270
399 270
400 270
401 270
402 270
403 270
404 270
405 270
406 270
407 270
408 270
409 270
410 270
411 270
412 270
413 270
414 270
415 270
416 270
417 270
418 270
419 270
420 270
421 270
422 270
423 270
424 269
425 268
426 267
427 266
428 265
429 264
430 263
431 262
432 261
433 260
434 259
435 259
436 259
437 259
438 259
439 259
440 259
441 259
442 259
443 259
444 259
445 259
446 259
447 259
448 259
449 259
450 259
451 258
452 257
453 256
454 255
455 254
456 253
457 252
458 251
459 250
460 249
461 248
462 247
463 246
464 245
465 244
466 243
467 242
468 241
469 240
470 240
471 240
472 240
473 240
474 240
475 240
476 240
477 240
478 240
479 240
480 240
481 240
482 240
483 240
484 240
485 240
464 247
465 248
466 249
467 250
468 251
469 252
470 253
471 254
472 255
473 256
474 257
475 258
476 259
477 260
478 261
479 262
480 263
481 264
482 265
483 266
484 267
485 268
486 269
487 270
488 270
489 271
490 272
491 273
492 274
493 275
494 276
495 277
496 278
497 279
498 280
499 281
500 282
501 283
502 284
503 284
504 284
505 284
506 284
507 284
508 284
509 284
510 284
511 284
512 284
513 284
27 228
38 132
37 133
36 134
35 135
34 136
33 137
32 138
31 139
30 140
29 141
28 142
111 201
112 200
113 199
114 198
115 197
116 196
117 195
118 194
119 193
248 316
249 315
250 314
251 313
252 312
252 311
252 310
252 309
252 308
252 307
252 306
252 305
252 304
252 303
252 302
252 301
252 300
252 299
252 298
252 297
252 296
252 295
252 294
277 204
276 205
275 206
275 207
275 208
275 209
275 210
275 211
275 212
275 213
275 214
275 215
275 216
275 217
275 218
275 219
275 220
275 221
317 239
318 240
319 241
320 242
321 243
322 244
323 245
324 246
325 247
326 248
327 249
328 250
329 251
330 252
331 253
470 239
471 238
472 237
473 236
474 235
475 234
476 233
477 232
478 231
479 230
480 229
481 228
482 227
483 226
484 225
485 224
486 223
487 222
488 221
489 220
490 219
491 218
492 217
493 216
494 215
495 214
496 213
497 212
498 211
499 210
500 209
501 208
502 207
503 206
504 205
505 204
506 203
507 202
508 201
509 200
509 199
509 198
509 197
509 196
509 195
509 194
509 193
509 192
509 191
509 190
509 189
509 188
509 187
509 186
509 185
509 184
509 183
509 182
509 181
509 180
509 179
509 178
509 177
509 176
509 175
509 174
509 173
509 172
509 171
509 170
509 169
509 168
509 167
509 166
509 165
509 164
509 163
509 162
509 161
509 160
509 159
509 158
509 157
509 156
509 155
509 154
509 153
509 152
509 151
509 150
509 149
509 148
509 147
509 146
509 145
509 144
509 143
509 142
509 141
509 140
509 139
509 138
509 137
509 136
509 135
509 134
509 133
509 132
509 131
509 130
509 129
509 128
509 127
509 126
509 125
509 124
509 123
509 122
509 121
509 120
509 119
509 118
509 117
509 116
251 296
95 227
96 228
97 229
98 230
99 231
100 232
101 233
102 234
103 235
104 236
105 237
106 238
107 239
108 240
109 241
110 242
142 250
143 249
144 248
145 247
146 246
147 245
148 244
226 86
225 85
259 204
258 205
257 206
256 207
296 187
297 188
298 189
299 190
300 191
301 192
302 193
303 193
486 241
487 242
488 243
489 244
490 245
491 246
492 247
493 248
494 248
495 248
496 248
497 248
498 248
499 248
498 249
53 202
52 201
51 200
50 199
49 198
48 197
47 196
46 195
45 194
44 193
43 192
42 191
41 190
40 189
39 188
38 187
37 186
36 185
35 184
34 183
33 182
32 181
31 180
30 179
29 178
28 177
27 176
26 175
25 174
94 94
93 93
92 92
91 91
90 90
89 89
88 88
87 87
86 86
85 85
84 84
83 83
83 82
186 320
187 321
188 322
189 322
190 322
191 322
192 322
193 322
194 322
195 322
196 322
197 322
198 322
199 322
261 328
262 327
263 326
264 325
265 324
266 323
267 322
268 321
269 320
270 319
271 318
272 317
273 316
274 315
275 314
276 313
277 312
278 311
279 310
280 309
281 308
282 307
283 306
284 305
285 304
286 303
287 302
510 199
511 198
512 197
513 196
514 195
515 194
516 193
517 192
518 191
519 190
520 189
521 188
522 187
523 186
524 185
525 184
526 183
527 182
528 181
529 180
530 179
531 178
532 177
533 176
24 173
117 88
118 87
119 86
120 85
149 80
148 79
147 78
146 77
145 76
144 75
260 331
259 332
258 333
257 334
256 335
255 336
254 337
253 338
252 339
253 293
254 292
255 291
256 290
257 289
258 288
259 287
260 286
261 285
262 284
273 340
274 339
275 338
276 337
277 336
278 335
279 334
280 333
281 332
282 331
283 331
328 120
327 119
326 118
325 117
324 116
323 115
322 114
321 113
320 112
319 111
318 110
317 109
316 108
315 107
314 106
313 105
312 104
311 103
310 102
309 101
308 100
307 99
306 98
305 97
304 96
303 95
302 94
320 114
319 115
318 116
317 117
316 118
315 119
314 120
313 121
312 122
311 123
310 124
309 124
304 364
305 365
306 366
307 367
308 367
309 367
310 367
311 367
312 367
313 367
314 367
315 367
491 220
492 221
493 222
494 223
495 224
496 225
497 226
498 227
499 227
510 139
511 138
512 137
513 136
514 135
515 134
515 133
82 84
81 85
80 85
79 85
78 85
77 85
76 85
75 85
74 85
73 85
72 85
71 85
70 85
69 85
68 85
67 85
66 85
65 85
64 85
190 249
191 250
192 250
193 250
194 250
195 250
196 250
197 250
198 250
199 250
200 250
201 250
241 244
242 243
243 242
244 242
247 88
248 88
249 88
250 88
251 88
252 88
253 88
254 88
255 88
256 88
257 88
258 88
259 88
260 88
261 88
262 88
263 88
264 88
265 88
255 255
256 254
257 253
258 252
259 251
260 250
261 249
262 248
263 247
264 246
265 245
266 244
267 243
268 242
269 241
301 95
300 96
299 97
298 98
297 99
296 100
295 101
294 102
293 103
292 104
291 105
290 106
289 107
288 107
287 107
311 229
310 228
309 227
308 226
307 225
306 224
305 223
304 222
303 221
302 220
302 219
395 269
396 268
397 267
269 240
43 215
43 216
67 121
66 120
65 119
64 118
63 117
62 116
61 115
60 114
59 113
58 112
57 111
56 110
55 109
54 108
53 107
52 106
52 105
190 84
189 83
188 82
187 81
187 80
276 208
277 209
278 205
279 206
280 207
281 208
282 209
283 210
284 211
285 212
286 213
287 214
288 215
289 216
283 257
284 258
285 259
286 260
287 261
288 262
289 263
290 264
291 265
292 266
293 267
294 268
295 269
296 270
297 271
298 272
299 273
300 274
334 220
335 219
336 218
337 217
338 216
339 215
340 214
341 213
342 212
343 211
344 210
366 247
365 248
364 249
363 250
362 251
514 285
515 286
516 287
517 287
518 287
519 287
520 287
521 287
522 287
523 287
524 287
52 104
31 117
32 116
33 115
34 114
35 113
36 112
37 111
38 110
82 81
81 80
80 79
79 78
78 77
77 76
76 75
75 74
74 73
73 72
72 71
71 70
71 69
71 68
71 67
62 232
63 233
64 234
65 235
66 236
67 237
68 238
69 239
70 239
71 239
72 239
77 74
78 73
79 72
80 71
81 70
82 69
83 68
84 67
85 66
86 65
87 64
88 63
89 62
90 61
90 60
91 61
92 61
93 61
94 61
95 61
96 61
97 61
98 61
99 61
100 61
101 61
102 61
103 61
104 61
105 61
106 61
107 61
108 61
109 61
110 61
149 201
150 200
151 199
152 198
152 197
159 222
160 223
161 224
162 225
163 226
164 227
165 228
166 229
167 230
168 231
169 232
169 233
169 234
169 235
219 348
220 349
221 350
222 351
223 352
224 352
225 352
226 352
227 352
228 352
229 352
230 352
248 89
249 90
250 91
251 92
252 93
253 94
254 95
255 96
256 97
257 98
258 99
259 100
259 101
259 102
259 103
259 104
259 105
259 106
259 107
259 108
259 109
259 110
267 338
267 339
349 230
348 231
347 232
346 233
345 234
344 235
375 256
374 257
373 258
372 259
374 251
375 250
376 249
377 248
378 247
379 246
380 245
381 244
382 243
384 261
385 260
386 259
387 258
388 257
389 256
390 255
391 254
392 253
393 252
394 251
395 250
396 249
397 248
398 247
399 246
400 245
401 244
402 244
433 258
432 257
431 256
430 255
429 254
428 253
427 252
426 251
425 250
424 249
423 248
422 247
422 246
500 247
501 246
502 245
503 244
504 244
505 244
506 244
507 244
508 244
509 244
510 244
511 244
512 244
31 76
32 75
33 74
34 73
35 72
36 71
37 70
38 69
39 68
40 67
41 66
42 65
43 64
44 63
57 131
56 130
55 129
54 128
47 194
48 193
49 192
50 191
51 190
52 189
53 188
54 187
55 186
56 185
79 204
78 205
77 206
76 207
75 208
74 209
136 213
137 214
138 215
139 216
140 217
141 218
142 219
142 220
171 312
170 313
169 314
168 315
248 91
247 92
246 93
245 94
244 95
243 96
242 97
241 98
240 99
239 100
238 101
237 102
278 309
277 308
276 307
275 306
275 305
288 301
288 300
288 299
288 298
288 297
288 296
288 295
288 294
288 293
288 292
288 291
288 290
288 289
288 288
289 300
290 299
291 298
292 297
293 296
294 295
295 294
296 294
297 294
298 294
299 294
300 294
302 178
303 237
302 236
308 98
309 97
310 96
311 95
316 337
317 338
318 339
319 340
320 341
321 342
322 342
332 254
333 254
334 254
335 254
336 254
337 254
338 254
339 254
340 254
341 254
342 254
343 254
344 254
407 269
408 268
490 274
489 275
488 276
487 277
486 278
485 279
484 280
484 281
506 245
507 246
508 247
509 248
510 249
511 250
512 251
513 252
514 253
515 254
516 255
517 256
518 257
519 258
520 259
521 260
522 261
75 206
74 206
202 344
201 343
242 204
241 205
253 291
252 290
251 289
250 288
249 287
248 286
247 285
246 284
246 283
251 340
250 341
249 342
248 343
247 344
246 345
246 346
246 347
246 348
246 349
246 350
246 351
246 352
246 353
246 354
253 311
254 310
255 309
256 308
257 308
258 308
259 308
261 257
262 258
263 259
264 260
265 261
266 262
267 263
268 264
287 297
286 296
285 295
284 294
283 293
282 292
281 291
280 290
279 289
278 288
277 287
276 286
266 87
267 86
268 85
269 85
270 85
271 85
272 85
273 85
274 85
275 85
276 85
277 85
278 85
279 85
295 245
294 244
293 243
292 242
291 241
290 240
290 239
309 125
308 126
307 127
306 128
305 129
304 130
303 131
302 132
301 133
301 134
301 135
301 136
301 137
301 138
301 139
301 140
321 305
322 304
323 303
324 302
325 301
326 300
327 299
328 298
329 297
330 296
331 295
32 226
33 227
34 228
35 229
36 230
37 231
38 232
39 233
40 234
41 235
42 236
43 237
29 108
28 107
27 106
26 105
25 104
24 103
23 102
22 101
21 100
27 143
26 144
25 145
24 146
23 147
22 148
21 149
21 150
21 151
21 152
21 153
28 144
29 145
30 146
31 147
32 148
33 149
34 150
35 151
36 152
33 76
34 77
35 78
36 79
37 80
38 81
39 82
40 83
41 84
42 85
43 86
44 86
95 185
96 184
97 183
98 182
99 181
99 180
155 77
156 76
171 87
170 88
169 89
168 90
167 91
166 92
165 93
164 94
164 95
196 223
195 224
194 225
193 226
192 227
191 228
190 229
189 230
188 231
187 232
204 90
203 91
202 92
201 93
200 94
199 95
198 96
198 97
221 95
222 96
223 97
224 98
225 99
226 99
234 226
235 226
236 226
237 226
238 226
239 226
240 226
241 226
242 226
243 226
244 226
245 226
246 226
290 266
289 267
288 268
287 269
286 270
285 271
284 272
284 273
289 302
290 303
291 304
292 305
293 306
294 307
295 308
296 309
297 310
298 311
299 312
300 313
294 266
295 265
296 264
297 263
298 262
299 261
300 260
301 259
320 244
319 245
318 246
317 247
316 248
315 249
314 250
313 251
312 252
323 243
324 242
325 241
326 240
327 239
328 238
329 237
330 236
331 235
332 234
339 162
340 163
341 164
342 165
343 166
344 167
345 168
346 169
347 170
348 171
349 172
349 119
350 120
351 120
352 120
353 120
354 120
355 120
356 120
357 120
358 120
359 120
383 263
429 266
430 267
431 268
432 269
433 270
434 271
185
28 203
28 228
29 121
30 62
30 82
61 232
63 202
78 188
88 220
94 240
102 199
105 84
108 219
128 219
132 242
141 195
142 89
158 221
170 78
171 199
172 335
177 220
181 95
185 319
189 248
190 343
191 200
196 221
204 82
211 202
214 229
215 99
218 347
222 326
224 252
230 205
233 226
239 337
246 87
248 317
252 256
286 256
301 159
303 363
311 341
316 320
320 290
321 238
324 213
326 163
326 183
327 141
329 117
332 97
342 221
345 161
345 184
348 118
348 142
353 99
423 270
450 259
485 240
488 270
513 284
27 228
28 142
119 193
252 294
275 221
331 253
509 116
251 296
110 242
148 244
225 85
256 207
303 193
499 248
498 249
25 174
83 82
199 322
287 302
533 176
24 173
120 85
144 75
252 339
262 284
283 331
302 94
309 124
315 367
499 227
515 134
515 133
43 192
64 85
201 250
244 242
265 88
269 241
287 107
302 219
397 267
269 240
43 216
52 105
187 80
277 209
289 216
300 274
344 210
362 251
524 287
52 104
38 110
47 139
71 67
72 239
90 60
110 61
152 197
169 235
230 352
259 110
267 339
344 235
372 259
382 243
402 244
422 246
512 244
44 63
54 128
56 185
74 209
142 220
168 315
237 102
275 305
288 288
300 294
302 178
302 236
311 95
322 342
344 254
408 268
484 281
522 261
74 206
201 343
241 205
246 283
246 354
259 308
268 264
276 286
279 85
290 239
301 140
331 295
43 237
21 100
21 153
36 152
44 86
99 180
156 76
164 95
187 232
198 97
226 99
246 226
284 273
300 313
301 259
312 252
332 234
349 172
359 120
383 263
434 271
